#! /usr/bin/vvp
:ivl_version "12.0 (stable)";
:ivl_delay_selection "TYPICAL";
:vpi_time_precision - 12;
:vpi_module "/usr/lib/x86_64-linux-gnu/ivl/system.vpi";
:vpi_module "/usr/lib/x86_64-linux-gnu/ivl/vhdl_sys.vpi";
:vpi_module "/usr/lib/x86_64-linux-gnu/ivl/vhdl_textio.vpi";
:vpi_module "/usr/lib/x86_64-linux-gnu/ivl/v2005_math.vpi";
:vpi_module "/usr/lib/x86_64-linux-gnu/ivl/va_math.vpi";
:vpi_module "/usr/lib/x86_64-linux-gnu/ivl/v2009.vpi";
S_0x6472ba3ccb40 .scope package, "$unit" "$unit" 2 1;
 .timescale 0 0;
S_0x6472ba3cccd0 .scope module, "divisor_tb" "divisor_tb" 3 3;
 .timescale -9 -12;
v0x6472ba40f960_0 .net "P", 15 0, L_0x6472ba3baaa0;  1 drivers
v0x6472ba40fa40_0 .var "Qin", 15 0;
v0x6472ba40fae0_0 .net "R", 15 0, L_0x6472ba4108d0;  1 drivers
v0x6472ba40fb80_0 .var "Vin", 15 0;
v0x6472ba40fc70_0 .var "clk", 0 0;
v0x6472ba40fd60_0 .net "done", 0 0, v0x6472ba40bcf0_0;  1 drivers
v0x6472ba40fe50_0 .var/i "errores", 31 0;
v0x6472ba40ff30_0 .var/i "pruebas", 31 0;
v0x6472ba410010_0 .var "rst", 0 0;
v0x6472ba4100b0_0 .var "start", 0 0;
S_0x6472ba3d5730 .scope task, "ejecutar_prueba" "ejecutar_prueba" 3 31, 3 31 0, S_0x6472ba3cccd0;
 .timescale -9 -12;
v0x6472ba3bfe80_0 .var "esperadoP", 15 0;
v0x6472ba3be6d0_0 .var "esperadoR", 15 0;
v0x6472ba3ba550_0 .var "valQ", 15 0;
v0x6472ba3bac00_0 .var "valV", 15 0;
E_0x6472ba3ca2f0 .event posedge, v0x6472ba40bc30_0;
E_0x6472ba3ca040 .event anyedge, v0x6472ba40bcf0_0;
TD_divisor_tb.ejecutar_prueba ;
    %load/vec4 v0x6472ba3ba550_0;
    %load/vec4 v0x6472ba3bac00_0;
    %div;
    %store/vec4 v0x6472ba3bfe80_0, 0, 16;
    %load/vec4 v0x6472ba3ba550_0;
    %load/vec4 v0x6472ba3bac00_0;
    %mod;
    %store/vec4 v0x6472ba3be6d0_0, 0, 16;
    %wait E_0x6472ba3ca2f0;
    %delay 2000, 0;
    %load/vec4 v0x6472ba3ba550_0;
    %store/vec4 v0x6472ba40fa40_0, 0, 16;
    %load/vec4 v0x6472ba3bac00_0;
    %store/vec4 v0x6472ba40fb80_0, 0, 16;
    %pushi/vec4 1, 0, 1;
    %store/vec4 v0x6472ba4100b0_0, 0, 1;
    %wait E_0x6472ba3ca2f0;
    %delay 2000, 0;
    %pushi/vec4 0, 0, 1;
    %store/vec4 v0x6472ba4100b0_0, 0, 1;
T_0.0 ;
    %load/vec4 v0x6472ba40fd60_0;
    %pushi/vec4 1, 0, 1;
    %cmp/e;
    %flag_get/vec4 4;
    %cmpi/ne 1, 0, 1;
    %jmp/0xz T_0.1, 6;
    %wait E_0x6472ba3ca040;
    %jmp T_0.0;
T_0.1 ;
    %load/vec4 v0x6472ba40ff30_0;
    %addi 1, 0, 32;
    %store/vec4 v0x6472ba40ff30_0, 0, 32;
    %load/vec4 v0x6472ba40f960_0;
    %load/vec4 v0x6472ba3bfe80_0;
    %cmp/ne;
    %jmp/1 T_0.4, 6;
    %flag_mov 8, 6;
    %load/vec4 v0x6472ba40fae0_0;
    %load/vec4 v0x6472ba3be6d0_0;
    %cmp/ne;
    %flag_or 6, 8;
T_0.4;
    %jmp/0xz  T_0.2, 6;
    %load/vec4 v0x6472ba40fe50_0;
    %addi 1, 0, 32;
    %store/vec4 v0x6472ba40fe50_0, 0, 32;
    %vpi_call/w 3 51 "$display", "[%0t] FALLO -> Q=%0d V=%0d : P=%0d R=%0d (se esperaba P=%0d R=%0d)", $time, v0x6472ba3ba550_0, v0x6472ba3bac00_0, v0x6472ba40f960_0, v0x6472ba40fae0_0, v0x6472ba3bfe80_0, v0x6472ba3be6d0_0 {0 0 0};
    %jmp T_0.3;
T_0.2 ;
    %vpi_call/w 3 54 "$display", "[%0t] OK    -> Q=%0d / V=%0d = P=%0d resto %0d", $time, v0x6472ba3ba550_0, v0x6472ba3bac00_0, v0x6472ba40f960_0, v0x6472ba40fae0_0 {0 0 0};
T_0.3 ;
    %wait E_0x6472ba3ca2f0;
    %delay 2000, 0;
    %end;
S_0x6472ba40a9a0 .scope module, "uut" "divisor" 3 17, 4 1 0, S_0x6472ba3cccd0;
 .timescale 0 0;
    .port_info 0 /INPUT 1 "clk";
    .port_info 1 /INPUT 1 "rst";
    .port_info 2 /INPUT 1 "start";
    .port_info 3 /INPUT 16 "Q";
    .port_info 4 /INPUT 16 "V";
    .port_info 5 /OUTPUT 16 "P";
    .port_info 6 /OUTPUT 16 "R";
    .port_info 7 /OUTPUT 1 "done";
L_0x6472ba3baaa0 .functor BUFZ 16, v0x6472ba40c6c0_0, C4<0000000000000000>, C4<0000000000000000>, C4<0000000000000000>;
L_0x6472ba4108d0 .functor BUFZ 16, v0x6472ba40cef0_0, C4<0000000000000000>, C4<0000000000000000>, C4<0000000000000000>;
v0x6472ba40e7b0_0 .net "P", 15 0, L_0x6472ba3baaa0;  alias, 1 drivers
v0x6472ba40e8b0_0 .net "Q", 15 0, v0x6472ba40fa40_0;  1 drivers
v0x6472ba40e970_0 .net "R", 15 0, L_0x6472ba4108d0;  alias, 1 drivers
v0x6472ba40ea40_0 .net "V", 15 0, v0x6472ba40fb80_0;  1 drivers
v0x6472ba40eb30_0 .net "clk", 0 0, v0x6472ba40fc70_0;  1 drivers
v0x6472ba40ec60_0 .net "done", 0 0, v0x6472ba40bcf0_0;  alias, 1 drivers
v0x6472ba40ed00_0 .net "rst", 0 0, v0x6472ba410010_0;  1 drivers
v0x6472ba40edd0_0 .net "start", 0 0, v0x6472ba4100b0_0;  1 drivers
v0x6472ba40eea0_0 .net "w_DECi", 0 0, v0x6472ba40b820_0;  1 drivers
v0x6472ba40efd0_0 .net "w_LDQ", 0 0, v0x6472ba40b900_0;  1 drivers
v0x6472ba40f100_0 .net "w_LDR", 0 0, v0x6472ba40b9c0_0;  1 drivers
v0x6472ba40f1a0_0 .net "w_Q0", 0 0, v0x6472ba40ba60_0;  1 drivers
v0x6472ba40f240_0 .net "w_Qreg", 15 0, v0x6472ba40c6c0_0;  1 drivers
v0x6472ba40f2e0_0 .net "w_Rreg", 15 0, v0x6472ba40cef0_0;  1 drivers
v0x6472ba40f3d0_0 .net "w_SH", 0 0, v0x6472ba40bb20_0;  1 drivers
v0x6472ba40f470_0 .net "w_diff", 15 0, L_0x6472ba4106a0;  1 drivers
v0x6472ba40f560_0 .net "w_icount", 4 0, v0x6472ba40dad0_0;  1 drivers
v0x6472ba40f650_0 .net "w_msb_r", 0 0, L_0x6472ba3ba3f0;  1 drivers
v0x6472ba40f740_0 .net "w_z", 0 0, L_0x6472ba410290;  1 drivers
L_0x6472ba4101a0 .part v0x6472ba40c6c0_0, 15, 1;
S_0x6472ba40acc0 .scope module, "u_comp_i" "comp_i" 4 47, 5 1 0, S_0x6472ba40a9a0;
 .timescale 0 0;
    .port_info 0 /INPUT 5 "i_count";
    .port_info 1 /OUTPUT 1 "z";
L_0x7ed68806e018 .functor BUFT 1, C4<00000>, C4<0>, C4<0>, C4<0>;
v0x6472ba40aec0_0 .net/2u *"_ivl_0", 4 0, L_0x7ed68806e018;  1 drivers
v0x6472ba40afc0_0 .net "i_count", 4 0, v0x6472ba40dad0_0;  alias, 1 drivers
v0x6472ba40b0a0_0 .net "z", 0 0, L_0x6472ba410290;  alias, 1 drivers
L_0x6472ba410290 .cmp/eq 5, v0x6472ba40dad0_0, L_0x7ed68806e018;
S_0x6472ba40b1a0 .scope module, "u_ctrl" "control_div" 4 61, 6 1 0, S_0x6472ba40a9a0;
 .timescale 0 0;
    .port_info 0 /INPUT 1 "clk";
    .port_info 1 /INPUT 1 "rst";
    .port_info 2 /INPUT 1 "start";
    .port_info 3 /INPUT 1 "msb_r";
    .port_info 4 /INPUT 1 "z";
    .port_info 5 /OUTPUT 1 "done";
    .port_info 6 /OUTPUT 1 "LDR";
    .port_info 7 /OUTPUT 1 "Q0";
    .port_info 8 /OUTPUT 1 "SH";
    .port_info 9 /OUTPUT 1 "LDQ";
    .port_info 10 /OUTPUT 1 "DECi";
P_0x6472ba40b380 .param/l "ADD_ST" 1 6 20, C4<100>;
P_0x6472ba40b3c0 .param/l "CHECK_I_ST" 1 6 17, C4<001>;
P_0x6472ba40b400 .param/l "CHECK_R_ST" 1 6 19, C4<011>;
P_0x6472ba40b440 .param/l "DONE_ST" 1 6 21, C4<101>;
P_0x6472ba40b480 .param/l "SHIFT_ST" 1 6 18, C4<010>;
P_0x6472ba40b4c0 .param/l "START_ST" 1 6 16, C4<000>;
v0x6472ba40b820_0 .var "DECi", 0 0;
v0x6472ba40b900_0 .var "LDQ", 0 0;
v0x6472ba40b9c0_0 .var "LDR", 0 0;
v0x6472ba40ba60_0 .var "Q0", 0 0;
v0x6472ba40bb20_0 .var "SH", 0 0;
v0x6472ba40bc30_0 .net "clk", 0 0, v0x6472ba40fc70_0;  alias, 1 drivers
v0x6472ba40bcf0_0 .var "done", 0 0;
v0x6472ba40bdb0_0 .net "msb_r", 0 0, L_0x6472ba3ba3f0;  alias, 1 drivers
v0x6472ba40be70_0 .var "next_state", 2 0;
v0x6472ba40bf50_0 .net "rst", 0 0, v0x6472ba410010_0;  alias, 1 drivers
v0x6472ba40c010_0 .net "start", 0 0, v0x6472ba4100b0_0;  alias, 1 drivers
v0x6472ba40c0d0_0 .var "state", 2 0;
v0x6472ba40c1b0_0 .net "z", 0 0, L_0x6472ba410290;  alias, 1 drivers
E_0x6472ba3ae900 .event anyedge, v0x6472ba40c0d0_0;
E_0x6472ba3ec7b0 .event anyedge, v0x6472ba40c0d0_0, v0x6472ba40c010_0, v0x6472ba40b0a0_0, v0x6472ba40bdb0_0;
E_0x6472ba3ec930 .event posedge, v0x6472ba40bf50_0, v0x6472ba40bc30_0;
S_0x6472ba40c3f0 .scope module, "u_reg_Q" "reg_Q" 4 31, 7 1 0, S_0x6472ba40a9a0;
 .timescale 0 0;
    .port_info 0 /INPUT 1 "clk";
    .port_info 1 /INPUT 1 "ldq";
    .port_info 2 /INPUT 1 "sh";
    .port_info 3 /INPUT 1 "q0";
    .port_info 4 /INPUT 16 "in_Q";
    .port_info 5 /OUTPUT 16 "Q";
v0x6472ba40c6c0_0 .var "Q", 15 0;
v0x6472ba40c7c0_0 .net "clk", 0 0, v0x6472ba40fc70_0;  alias, 1 drivers
v0x6472ba40c880_0 .net "in_Q", 15 0, v0x6472ba40fa40_0;  alias, 1 drivers
v0x6472ba40c950_0 .net "ldq", 0 0, v0x6472ba40b900_0;  alias, 1 drivers
v0x6472ba40ca20_0 .net "q0", 0 0, v0x6472ba40ba60_0;  alias, 1 drivers
v0x6472ba40cb10_0 .net "sh", 0 0, v0x6472ba40bb20_0;  alias, 1 drivers
E_0x6472ba40c660 .event negedge, v0x6472ba40bc30_0;
S_0x6472ba40cc60 .scope module, "u_reg_R" "reg_R" 4 21, 8 1 0, S_0x6472ba40a9a0;
 .timescale 0 0;
    .port_info 0 /INPUT 1 "clk";
    .port_info 1 /INPUT 1 "reset_r";
    .port_info 2 /INPUT 1 "ldr";
    .port_info 3 /INPUT 1 "sh";
    .port_info 4 /INPUT 16 "in_R";
    .port_info 5 /INPUT 1 "msb_Q";
    .port_info 6 /OUTPUT 16 "R";
v0x6472ba40cef0_0 .var "R", 15 0;
v0x6472ba40cff0_0 .net "clk", 0 0, v0x6472ba40fc70_0;  alias, 1 drivers
v0x6472ba40d100_0 .net "in_R", 15 0, L_0x6472ba4106a0;  alias, 1 drivers
v0x6472ba40d1a0_0 .net "ldr", 0 0, v0x6472ba40b9c0_0;  alias, 1 drivers
v0x6472ba40d270_0 .net "msb_Q", 0 0, L_0x6472ba4101a0;  1 drivers
v0x6472ba40d360_0 .net "reset_r", 0 0, v0x6472ba40b900_0;  alias, 1 drivers
v0x6472ba40d450_0 .net "sh", 0 0, v0x6472ba40bb20_0;  alias, 1 drivers
S_0x6472ba40d660 .scope module, "u_reg_i" "reg_i" 4 40, 9 1 0, S_0x6472ba40a9a0;
 .timescale 0 0;
    .port_info 0 /INPUT 1 "clk";
    .port_info 1 /INPUT 1 "reset_i";
    .port_info 2 /INPUT 1 "dec";
    .port_info 3 /OUTPUT 5 "i_count";
P_0x6472ba40d890 .param/l "N" 1 9 8, C4<10000>;
v0x6472ba40d970_0 .net "clk", 0 0, v0x6472ba40fc70_0;  alias, 1 drivers
v0x6472ba40da10_0 .net "dec", 0 0, v0x6472ba40b820_0;  alias, 1 drivers
v0x6472ba40dad0_0 .var "i_count", 4 0;
v0x6472ba40db70_0 .net "reset_i", 0 0, v0x6472ba40b900_0;  alias, 1 drivers
S_0x6472ba40dc60 .scope module, "u_sum" "sumador_comp" 4 52, 10 1 0, S_0x6472ba40a9a0;
 .timescale 0 0;
    .port_info 0 /INPUT 16 "R";
    .port_info 1 /INPUT 16 "V";
    .port_info 2 /OUTPUT 16 "diff";
    .port_info 3 /OUTPUT 1 "MSB_R";
L_0x6472ba3ba3f0 .functor NOT 1, L_0x6472ba410790, C4<0>, C4<0>, C4<0>;
v0x6472ba40de40_0 .net "MSB_R", 0 0, L_0x6472ba3ba3f0;  alias, 1 drivers
v0x6472ba40df30_0 .net "R", 15 0, v0x6472ba40cef0_0;  alias, 1 drivers
v0x6472ba40e000_0 .net "V", 15 0, v0x6472ba40fb80_0;  alias, 1 drivers
L_0x7ed68806e060 .functor BUFT 1, C4<0>, C4<0>, C4<0>, C4<0>;
v0x6472ba40e0d0_0 .net/2u *"_ivl_0", 0 0, L_0x7ed68806e060;  1 drivers
v0x6472ba40e1b0_0 .net *"_ivl_13", 0 0, L_0x6472ba410790;  1 drivers
v0x6472ba40e2e0_0 .net *"_ivl_2", 16 0, L_0x6472ba410380;  1 drivers
L_0x7ed68806e0a8 .functor BUFT 1, C4<0>, C4<0>, C4<0>, C4<0>;
v0x6472ba40e3c0_0 .net/2u *"_ivl_4", 0 0, L_0x7ed68806e0a8;  1 drivers
v0x6472ba40e4a0_0 .net *"_ivl_6", 16 0, L_0x6472ba410470;  1 drivers
v0x6472ba40e580_0 .net "diff", 15 0, L_0x6472ba4106a0;  alias, 1 drivers
v0x6472ba40e640_0 .net "resta", 16 0, L_0x6472ba410560;  1 drivers
L_0x6472ba410380 .concat [ 16 1 0 0], v0x6472ba40cef0_0, L_0x7ed68806e060;
L_0x6472ba410470 .concat [ 16 1 0 0], v0x6472ba40fb80_0, L_0x7ed68806e0a8;
L_0x6472ba410560 .arith/sub 17, L_0x6472ba410380, L_0x6472ba410470;
L_0x6472ba4106a0 .part L_0x6472ba410560, 0, 16;
L_0x6472ba410790 .part L_0x6472ba410560, 16, 1;
    .scope S_0x6472ba40cc60;
T_1 ;
    %wait E_0x6472ba40c660;
    %load/vec4 v0x6472ba40d360_0;
    %flag_set/vec4 8;
    %jmp/0xz  T_1.0, 8;
    %pushi/vec4 0, 0, 16;
    %assign/vec4 v0x6472ba40cef0_0, 0;
    %jmp T_1.1;
T_1.0 ;
    %load/vec4 v0x6472ba40d1a0_0;
    %flag_set/vec4 8;
    %jmp/0xz  T_1.2, 8;
    %load/vec4 v0x6472ba40d100_0;
    %assign/vec4 v0x6472ba40cef0_0, 0;
    %jmp T_1.3;
T_1.2 ;
    %load/vec4 v0x6472ba40d450_0;
    %flag_set/vec4 8;
    %jmp/0xz  T_1.4, 8;
    %load/vec4 v0x6472ba40cef0_0;
    %parti/s 15, 0, 2;
    %load/vec4 v0x6472ba40d270_0;
    %concat/vec4; draw_concat_vec4
    %assign/vec4 v0x6472ba40cef0_0, 0;
T_1.4 ;
T_1.3 ;
T_1.1 ;
    %jmp T_1;
    .thread T_1;
    .scope S_0x6472ba40c3f0;
T_2 ;
    %wait E_0x6472ba40c660;
    %load/vec4 v0x6472ba40c950_0;
    %flag_set/vec4 8;
    %jmp/0xz  T_2.0, 8;
    %load/vec4 v0x6472ba40c880_0;
    %assign/vec4 v0x6472ba40c6c0_0, 0;
    %jmp T_2.1;
T_2.0 ;
    %load/vec4 v0x6472ba40cb10_0;
    %flag_set/vec4 8;
    %jmp/0xz  T_2.2, 8;
    %load/vec4 v0x6472ba40c6c0_0;
    %parti/s 15, 0, 2;
    %load/vec4 v0x6472ba40ca20_0;
    %concat/vec4; draw_concat_vec4
    %assign/vec4 v0x6472ba40c6c0_0, 0;
    %jmp T_2.3;
T_2.2 ;
    %load/vec4 v0x6472ba40ca20_0;
    %flag_set/vec4 8;
    %jmp/0xz  T_2.4, 8;
    %pushi/vec4 1, 0, 1;
    %ix/load 4, 0, 0;
    %ix/load 5, 0, 0;
    %flag_set/imm 4, 0;
    %assign/vec4/off/d v0x6472ba40c6c0_0, 4, 5;
T_2.4 ;
T_2.3 ;
T_2.1 ;
    %jmp T_2;
    .thread T_2;
    .scope S_0x6472ba40d660;
T_3 ;
    %wait E_0x6472ba40c660;
    %load/vec4 v0x6472ba40db70_0;
    %flag_set/vec4 8;
    %jmp/0xz  T_3.0, 8;
    %pushi/vec4 16, 0, 5;
    %assign/vec4 v0x6472ba40dad0_0, 0;
    %jmp T_3.1;
T_3.0 ;
    %load/vec4 v0x6472ba40da10_0;
    %flag_set/vec4 8;
    %jmp/0xz  T_3.2, 8;
    %load/vec4 v0x6472ba40dad0_0;
    %subi 1, 0, 5;
    %assign/vec4 v0x6472ba40dad0_0, 0;
T_3.2 ;
T_3.1 ;
    %jmp T_3;
    .thread T_3;
    .scope S_0x6472ba40b1a0;
T_4 ;
    %wait E_0x6472ba3ec930;
    %load/vec4 v0x6472ba40bf50_0;
    %flag_set/vec4 8;
    %jmp/0xz  T_4.0, 8;
    %pushi/vec4 0, 0, 3;
    %assign/vec4 v0x6472ba40c0d0_0, 0;
    %jmp T_4.1;
T_4.0 ;
    %load/vec4 v0x6472ba40be70_0;
    %assign/vec4 v0x6472ba40c0d0_0, 0;
T_4.1 ;
    %jmp T_4;
    .thread T_4;
    .scope S_0x6472ba40b1a0;
T_5 ;
    %wait E_0x6472ba3ec7b0;
    %load/vec4 v0x6472ba40c0d0_0;
    %dup/vec4;
    %pushi/vec4 0, 0, 3;
    %cmp/u;
    %jmp/1 T_5.0, 6;
    %dup/vec4;
    %pushi/vec4 1, 0, 3;
    %cmp/u;
    %jmp/1 T_5.1, 6;
    %dup/vec4;
    %pushi/vec4 2, 0, 3;
    %cmp/u;
    %jmp/1 T_5.2, 6;
    %dup/vec4;
    %pushi/vec4 3, 0, 3;
    %cmp/u;
    %jmp/1 T_5.3, 6;
    %dup/vec4;
    %pushi/vec4 4, 0, 3;
    %cmp/u;
    %jmp/1 T_5.4, 6;
    %dup/vec4;
    %pushi/vec4 5, 0, 3;
    %cmp/u;
    %jmp/1 T_5.5, 6;
    %pushi/vec4 0, 0, 3;
    %store/vec4 v0x6472ba40be70_0, 0, 3;
    %jmp T_5.7;
T_5.0 ;
    %load/vec4 v0x6472ba40c010_0;
    %flag_set/vec4 8;
    %jmp/0 T_5.8, 8;
    %pushi/vec4 1, 0, 3;
    %jmp/1 T_5.9, 8;
T_5.8 ; End of true expr.
    %pushi/vec4 0, 0, 3;
    %jmp/0 T_5.9, 8;
 ; End of false expr.
    %blend;
T_5.9;
    %store/vec4 v0x6472ba40be70_0, 0, 3;
    %jmp T_5.7;
T_5.1 ;
    %load/vec4 v0x6472ba40c1b0_0;
    %flag_set/vec4 8;
    %jmp/0 T_5.10, 8;
    %pushi/vec4 5, 0, 3;
    %jmp/1 T_5.11, 8;
T_5.10 ; End of true expr.
    %pushi/vec4 2, 0, 3;
    %jmp/0 T_5.11, 8;
 ; End of false expr.
    %blend;
T_5.11;
    %store/vec4 v0x6472ba40be70_0, 0, 3;
    %jmp T_5.7;
T_5.2 ;
    %pushi/vec4 3, 0, 3;
    %store/vec4 v0x6472ba40be70_0, 0, 3;
    %jmp T_5.7;
T_5.3 ;
    %load/vec4 v0x6472ba40bdb0_0;
    %flag_set/vec4 8;
    %jmp/0 T_5.12, 8;
    %pushi/vec4 4, 0, 3;
    %jmp/1 T_5.13, 8;
T_5.12 ; End of true expr.
    %pushi/vec4 1, 0, 3;
    %jmp/0 T_5.13, 8;
 ; End of false expr.
    %blend;
T_5.13;
    %store/vec4 v0x6472ba40be70_0, 0, 3;
    %jmp T_5.7;
T_5.4 ;
    %pushi/vec4 1, 0, 3;
    %store/vec4 v0x6472ba40be70_0, 0, 3;
    %jmp T_5.7;
T_5.5 ;
    %pushi/vec4 0, 0, 3;
    %store/vec4 v0x6472ba40be70_0, 0, 3;
    %jmp T_5.7;
T_5.7 ;
    %pop/vec4 1;
    %jmp T_5;
    .thread T_5, $push;
    .scope S_0x6472ba40b1a0;
T_6 ;
    %wait E_0x6472ba3ae900;
    %pushi/vec4 0, 0, 1;
    %store/vec4 v0x6472ba40bcf0_0, 0, 1;
    %pushi/vec4 0, 0, 1;
    %store/vec4 v0x6472ba40b9c0_0, 0, 1;
    %pushi/vec4 0, 0, 1;
    %store/vec4 v0x6472ba40ba60_0, 0, 1;
    %pushi/vec4 0, 0, 1;
    %store/vec4 v0x6472ba40bb20_0, 0, 1;
    %pushi/vec4 0, 0, 1;
    %store/vec4 v0x6472ba40b900_0, 0, 1;
    %pushi/vec4 0, 0, 1;
    %store/vec4 v0x6472ba40b820_0, 0, 1;
    %load/vec4 v0x6472ba40c0d0_0;
    %dup/vec4;
    %pushi/vec4 0, 0, 3;
    %cmp/u;
    %jmp/1 T_6.0, 6;
    %dup/vec4;
    %pushi/vec4 1, 0, 3;
    %cmp/u;
    %jmp/1 T_6.1, 6;
    %dup/vec4;
    %pushi/vec4 2, 0, 3;
    %cmp/u;
    %jmp/1 T_6.2, 6;
    %dup/vec4;
    %pushi/vec4 3, 0, 3;
    %cmp/u;
    %jmp/1 T_6.3, 6;
    %dup/vec4;
    %pushi/vec4 4, 0, 3;
    %cmp/u;
    %jmp/1 T_6.4, 6;
    %dup/vec4;
    %pushi/vec4 5, 0, 3;
    %cmp/u;
    %jmp/1 T_6.5, 6;
    %jmp T_6.7;
T_6.0 ;
    %pushi/vec4 1, 0, 1;
    %store/vec4 v0x6472ba40b900_0, 0, 1;
    %jmp T_6.7;
T_6.1 ;
    %jmp T_6.7;
T_6.2 ;
    %pushi/vec4 1, 0, 1;
    %store/vec4 v0x6472ba40bb20_0, 0, 1;
    %pushi/vec4 1, 0, 1;
    %store/vec4 v0x6472ba40b820_0, 0, 1;
    %jmp T_6.7;
T_6.3 ;
    %jmp T_6.7;
T_6.4 ;
    %pushi/vec4 1, 0, 1;
    %store/vec4 v0x6472ba40b9c0_0, 0, 1;
    %pushi/vec4 1, 0, 1;
    %store/vec4 v0x6472ba40ba60_0, 0, 1;
    %jmp T_6.7;
T_6.5 ;
    %pushi/vec4 1, 0, 1;
    %store/vec4 v0x6472ba40bcf0_0, 0, 1;
    %jmp T_6.7;
T_6.7 ;
    %pop/vec4 1;
    %jmp T_6;
    .thread T_6, $push;
    .scope S_0x6472ba3cccd0;
T_7 ;
    %pushi/vec4 0, 0, 32;
    %store/vec4 v0x6472ba40ff30_0, 0, 32;
    %pushi/vec4 0, 0, 32;
    %store/vec4 v0x6472ba40fe50_0, 0, 32;
    %end;
    .thread T_7, $init;
    .scope S_0x6472ba3cccd0;
T_8 ;
    %pushi/vec4 0, 0, 1;
    %store/vec4 v0x6472ba40fc70_0, 0, 1;
    %end;
    .thread T_8;
    .scope S_0x6472ba3cccd0;
T_9 ;
    %delay 10000, 0;
    %load/vec4 v0x6472ba40fc70_0;
    %inv;
    %store/vec4 v0x6472ba40fc70_0, 0, 1;
    %jmp T_9;
    .thread T_9;
    .scope S_0x6472ba3cccd0;
T_10 ;
    %vpi_call/w 3 63 "$dumpfile", "divisor_tb.vcd" {0 0 0};
    %vpi_call/w 3 64 "$dumpvars", 32'sb00000000000000000000000000000000, S_0x6472ba3cccd0 {0 0 0};
    %pushi/vec4 1, 0, 1;
    %store/vec4 v0x6472ba410010_0, 0, 1;
    %pushi/vec4 0, 0, 1;
    %store/vec4 v0x6472ba4100b0_0, 0, 1;
    %pushi/vec4 0, 0, 16;
    %store/vec4 v0x6472ba40fa40_0, 0, 16;
    %pushi/vec4 0, 0, 16;
    %store/vec4 v0x6472ba40fb80_0, 0, 16;
    %delay 23000, 0;
    %pushi/vec4 0, 0, 1;
    %store/vec4 v0x6472ba410010_0, 0, 1;
    %pushi/vec4 10, 0, 16;
    %store/vec4 v0x6472ba3ba550_0, 0, 16;
    %pushi/vec4 3, 0, 16;
    %store/vec4 v0x6472ba3bac00_0, 0, 16;
    %fork TD_divisor_tb.ejecutar_prueba, S_0x6472ba3d5730;
    %join;
    %pushi/vec4 0, 0, 16;
    %store/vec4 v0x6472ba3ba550_0, 0, 16;
    %pushi/vec4 5, 0, 16;
    %store/vec4 v0x6472ba3bac00_0, 0, 16;
    %fork TD_divisor_tb.ejecutar_prueba, S_0x6472ba3d5730;
    %join;
    %pushi/vec4 100, 0, 16;
    %store/vec4 v0x6472ba3ba550_0, 0, 16;
    %pushi/vec4 1, 0, 16;
    %store/vec4 v0x6472ba3bac00_0, 0, 16;
    %fork TD_divisor_tb.ejecutar_prueba, S_0x6472ba3d5730;
    %join;
    %pushi/vec4 7, 0, 16;
    %store/vec4 v0x6472ba3ba550_0, 0, 16;
    %pushi/vec4 7, 0, 16;
    %store/vec4 v0x6472ba3bac00_0, 0, 16;
    %fork TD_divisor_tb.ejecutar_prueba, S_0x6472ba3d5730;
    %join;
    %pushi/vec4 255, 0, 16;
    %store/vec4 v0x6472ba3ba550_0, 0, 16;
    %pushi/vec4 16, 0, 16;
    %store/vec4 v0x6472ba3bac00_0, 0, 16;
    %fork TD_divisor_tb.ejecutar_prueba, S_0x6472ba3d5730;
    %join;
    %pushi/vec4 1, 0, 16;
    %store/vec4 v0x6472ba3ba550_0, 0, 16;
    %pushi/vec4 2, 0, 16;
    %store/vec4 v0x6472ba3bac00_0, 0, 16;
    %fork TD_divisor_tb.ejecutar_prueba, S_0x6472ba3d5730;
    %join;
    %pushi/vec4 65535, 0, 16;
    %store/vec4 v0x6472ba3ba550_0, 0, 16;
    %pushi/vec4 3, 0, 16;
    %store/vec4 v0x6472ba3bac00_0, 0, 16;
    %fork TD_divisor_tb.ejecutar_prueba, S_0x6472ba3d5730;
    %join;
    %delay 40000, 0;
    %vpi_call/w 3 83 "$display", "--------------------------------------------------" {0 0 0};
    %load/vec4 v0x6472ba40fe50_0;
    %cmpi/e 0, 0, 32;
    %jmp/0xz  T_10.0, 4;
    %vpi_call/w 3 85 "$display", "RESULTADO: TODAS LAS PRUEBAS PASARON (%0d/%0d)", v0x6472ba40ff30_0, v0x6472ba40ff30_0 {0 0 0};
    %jmp T_10.1;
T_10.0 ;
    %vpi_call/w 3 87 "$display", "RESULTADO: %0d de %0d PRUEBAS FALLARON", v0x6472ba40fe50_0, v0x6472ba40ff30_0 {0 0 0};
T_10.1 ;
    %vpi_call/w 3 88 "$display", "--------------------------------------------------" {0 0 0};
    %vpi_call/w 3 90 "$finish" {0 0 0};
    %end;
    .thread T_10;
    .scope S_0x6472ba3cccd0;
T_11 ;
    %delay 100000000, 0;
    %vpi_call/w 3 96 "$display", "ERROR: TIMEOUT - la simulacion no termino a tiempo" {0 0 0};
    %vpi_call/w 3 97 "$finish" {0 0 0};
    %end;
    .thread T_11;
# The file index is used to find the file name in the following table.
:file_names 11;
    "N/A";
    "<interactive>";
    "-";
    "divisor_tb.v";
    "divisor.v";
    "comp_i.v";
    "control_div.v";
    "reg_Q.v";
    "reg_R.v";
    "reg_i.v";
    "sumador_comp.v";
