#! /usr/bin/vvp
:ivl_version "12.0 (stable)";
:ivl_delay_selection "TYPICAL";
:vpi_time_precision - 12;
:vpi_module "/usr/lib/x86_64-linux-gnu/ivl/system.vpi";
:vpi_module "/usr/lib/x86_64-linux-gnu/ivl/vhdl_sys.vpi";
:vpi_module "/usr/lib/x86_64-linux-gnu/ivl/vhdl_textio.vpi";
:vpi_module "/usr/lib/x86_64-linux-gnu/ivl/v2005_math.vpi";
:vpi_module "/usr/lib/x86_64-linux-gnu/ivl/va_math.vpi";
:vpi_module "/usr/lib/x86_64-linux-gnu/ivl/v2009.vpi";
S_0x56080f8f86f0 .scope package, "$unit" "$unit" 2 1;
 .timescale 0 0;
S_0x56080f8f8880 .scope module, "contador_unos_tb" "contador_unos_tb" 3 3;
 .timescale -9 -12;
v0x56080f9294c0_0 .var "Ain", 15 0;
v0x56080f9295f0_0 .net "C", 4 0, L_0x56080f8e0ec0;  1 drivers
v0x56080f9296b0_0 .var "clk", 0 0;
v0x56080f9297e0_0 .net "done", 0 0, v0x56080f927480_0;  1 drivers
v0x56080f929880_0 .var/i "errores", 31 0;
v0x56080f929970_0 .var/i "pruebas", 31 0;
v0x56080f929a50_0 .var "rst", 0 0;
v0x56080f929b40_0 .var "start", 0 0;
S_0x56080f8fc6f0 .scope function.vec4.s5, "contar_unos" "contar_unos" 3 27, 3 27 0, S_0x56080f8f8880;
 .timescale -9 -12;
; Variable contar_unos is vec4 return value of scope S_0x56080f8fc6f0
v0x56080f8e0fe0_0 .var/i "j", 31 0;
v0x56080f8e1580_0 .var "val", 15 0;
TD_contador_unos_tb.contar_unos ;
    %pushi/vec4 0, 0, 5;
    %ret/vec4 0, 0, 5;  Assign to contar_unos (store_vec4_to_lval)
    %pushi/vec4 0, 0, 32;
    %store/vec4 v0x56080f8e0fe0_0, 0, 32;
T_0.0 ;
    %load/vec4 v0x56080f8e0fe0_0;
    %cmpi/s 16, 0, 32;
    %jmp/0xz T_0.1, 5;
    %load/vec4 v0x56080f8e1580_0;
    %load/vec4 v0x56080f8e0fe0_0;
    %part/s 1;
    %flag_set/vec4 8;
    %jmp/0xz  T_0.2, 8;
    %retload/vec4 0; Load contar_unos (draw_signal_vec4)
    %addi 1, 0, 5;
    %ret/vec4 0, 0, 5;  Assign to contar_unos (store_vec4_to_lval)
T_0.2 ;
    %load/vec4 v0x56080f8e0fe0_0;
    %addi 1, 0, 32;
    %store/vec4 v0x56080f8e0fe0_0, 0, 32;
    %jmp T_0.0;
T_0.1 ;
    %end;
S_0x56080f925e60 .scope task, "ejecutar_prueba" "ejecutar_prueba" 3 38, 3 38 0, S_0x56080f8f8880;
 .timescale -9 -12;
v0x56080f926050_0 .var "esperado", 4 0;
v0x56080f926150_0 .var "valA", 15 0;
E_0x56080f8ee790 .event posedge, v0x56080f9273c0_0;
E_0x56080f8ee4e0 .event anyedge, v0x56080f927480_0;
TD_contador_unos_tb.ejecutar_prueba ;
    %load/vec4 v0x56080f926150_0;
    %store/vec4 v0x56080f8e1580_0, 0, 16;
    %callf/vec4 TD_contador_unos_tb.contar_unos, S_0x56080f8fc6f0;
    %store/vec4 v0x56080f926050_0, 0, 5;
    %wait E_0x56080f8ee790;
    %delay 2000, 0;
    %load/vec4 v0x56080f926150_0;
    %store/vec4 v0x56080f9294c0_0, 0, 16;
    %pushi/vec4 1, 0, 1;
    %store/vec4 v0x56080f929b40_0, 0, 1;
    %wait E_0x56080f8ee790;
    %delay 2000, 0;
    %pushi/vec4 0, 0, 1;
    %store/vec4 v0x56080f929b40_0, 0, 1;
T_1.4 ;
    %load/vec4 v0x56080f9297e0_0;
    %pushi/vec4 1, 0, 1;
    %cmp/e;
    %flag_get/vec4 4;
    %cmpi/ne 1, 0, 1;
    %jmp/0xz T_1.5, 6;
    %wait E_0x56080f8ee4e0;
    %jmp T_1.4;
T_1.5 ;
    %load/vec4 v0x56080f929970_0;
    %addi 1, 0, 32;
    %store/vec4 v0x56080f929970_0, 0, 32;
    %load/vec4 v0x56080f9295f0_0;
    %load/vec4 v0x56080f926050_0;
    %cmp/ne;
    %jmp/0xz  T_1.6, 6;
    %load/vec4 v0x56080f929880_0;
    %addi 1, 0, 32;
    %store/vec4 v0x56080f929880_0, 0, 32;
    %vpi_call/w 3 55 "$display", "[%0t] FALLO -> A=%b : C=%0d (se esperaba %0d)", $time, v0x56080f926150_0, v0x56080f9295f0_0, v0x56080f926050_0 {0 0 0};
    %jmp T_1.7;
T_1.6 ;
    %vpi_call/w 3 58 "$display", "[%0t] OK    -> A=%b tiene %0d unos", $time, v0x56080f926150_0, v0x56080f9295f0_0 {0 0 0};
T_1.7 ;
    %wait E_0x56080f8ee790;
    %delay 2000, 0;
    %end;
S_0x56080f926230 .scope module, "uut" "contador_unos" 3 15, 4 1 0, S_0x56080f8f8880;
 .timescale 0 0;
    .port_info 0 /INPUT 1 "clk";
    .port_info 1 /INPUT 1 "rst";
    .port_info 2 /INPUT 1 "start";
    .port_info 3 /INPUT 16 "A";
    .port_info 4 /OUTPUT 5 "C";
    .port_info 5 /OUTPUT 1 "done";
L_0x56080f8e0ec0 .functor BUFZ 5, v0x56080f9285d0_0, C4<00000>, C4<00000>, C4<00000>;
v0x56080f9289c0_0 .net "A", 15 0, v0x56080f9294c0_0;  1 drivers
v0x56080f928aa0_0 .net "C", 4 0, L_0x56080f8e0ec0;  alias, 1 drivers
v0x56080f928b60_0 .net "clk", 0 0, v0x56080f9296b0_0;  1 drivers
v0x56080f928c30_0 .net "done", 0 0, v0x56080f927480_0;  alias, 1 drivers
v0x56080f928d00_0 .net "rst", 0 0, v0x56080f929a50_0;  1 drivers
v0x56080f928df0_0 .net "start", 0 0, v0x56080f929b40_0;  1 drivers
v0x56080f928ec0_0 .net "w_Areg", 15 0, v0x56080f927e00_0;  1 drivers
v0x56080f928fb0_0 .net "w_Creg", 4 0, v0x56080f9285d0_0;  1 drivers
v0x56080f929050_0 .net "w_INC", 0 0, v0x56080f927180_0;  1 drivers
v0x56080f9290f0_0 .net "w_LD", 0 0, v0x56080f927260_0;  1 drivers
v0x56080f929190_0 .net "w_SH", 0 0, v0x56080f927320_0;  1 drivers
v0x56080f929280_0 .net "w_lsb_a", 0 0, L_0x56080f929c30;  1 drivers
v0x56080f929370_0 .net "w_z", 0 0, L_0x56080f939d20;  1 drivers
S_0x56080f9264b0 .scope module, "u_comp" "comp_unos" 4 31, 5 1 0, S_0x56080f926230;
 .timescale 0 0;
    .port_info 0 /INPUT 16 "A";
    .port_info 1 /OUTPUT 1 "z";
v0x56080f9266b0_0 .net "A", 15 0, v0x56080f927e00_0;  alias, 1 drivers
L_0x765b7bd54018 .functor BUFT 1, C4<0000000000000000>, C4<0>, C4<0>, C4<0>;
v0x56080f9267b0_0 .net/2u *"_ivl_0", 15 0, L_0x765b7bd54018;  1 drivers
v0x56080f926890_0 .net "z", 0 0, L_0x56080f939d20;  alias, 1 drivers
L_0x56080f939d20 .cmp/eq 16, v0x56080f927e00_0, L_0x765b7bd54018;
S_0x56080f926990 .scope module, "u_ctrl" "control_unos" 4 45, 6 1 0, S_0x56080f926230;
 .timescale 0 0;
    .port_info 0 /INPUT 1 "clk";
    .port_info 1 /INPUT 1 "rst";
    .port_info 2 /INPUT 1 "start";
    .port_info 3 /INPUT 1 "lsb_a";
    .port_info 4 /INPUT 1 "z";
    .port_info 5 /OUTPUT 1 "done";
    .port_info 6 /OUTPUT 1 "SH";
    .port_info 7 /OUTPUT 1 "LD";
    .port_info 8 /OUTPUT 1 "INC";
P_0x56080f926b70 .param/l "CHECK_A_ST" 1 6 15, C4<001>;
P_0x56080f926bb0 .param/l "CHECK_LSB_ST" 1 6 16, C4<010>;
P_0x56080f926bf0 .param/l "DONE_ST" 1 6 19, C4<101>;
P_0x56080f926c30 .param/l "INCREMENTO_ST" 1 6 18, C4<100>;
P_0x56080f926c70 .param/l "SHIFT_ST" 1 6 17, C4<011>;
P_0x56080f926cb0 .param/l "START_ST" 1 6 14, C4<000>;
v0x56080f927180_0 .var "INC", 0 0;
v0x56080f927260_0 .var "LD", 0 0;
v0x56080f927320_0 .var "SH", 0 0;
v0x56080f9273c0_0 .net "clk", 0 0, v0x56080f9296b0_0;  alias, 1 drivers
v0x56080f927480_0 .var "done", 0 0;
v0x56080f927590_0 .net "lsb_a", 0 0, L_0x56080f929c30;  alias, 1 drivers
v0x56080f927650_0 .var "next_state", 2 0;
v0x56080f927730_0 .net "rst", 0 0, v0x56080f929a50_0;  alias, 1 drivers
v0x56080f9277f0_0 .net "start", 0 0, v0x56080f929b40_0;  alias, 1 drivers
v0x56080f9278b0_0 .var "state", 2 0;
v0x56080f927990_0 .net "z", 0 0, L_0x56080f939d20;  alias, 1 drivers
E_0x56080f8eb200 .event anyedge, v0x56080f9278b0_0;
E_0x56080f8eb4b0 .event anyedge, v0x56080f9278b0_0, v0x56080f9277f0_0, v0x56080f926890_0, v0x56080f927590_0;
E_0x56080f927120 .event posedge, v0x56080f927730_0, v0x56080f9273c0_0;
S_0x56080f927b30 .scope module, "u_reg_A" "reg_A_unos" 4 22, 7 1 0, S_0x56080f926230;
 .timescale 0 0;
    .port_info 0 /INPUT 1 "clk";
    .port_info 1 /INPUT 1 "sh";
    .port_info 2 /INPUT 1 "ld";
    .port_info 3 /INPUT 16 "in_A";
    .port_info 4 /OUTPUT 16 "A";
    .port_info 5 /OUTPUT 1 "LSB_A";
v0x56080f927e00_0 .var "A", 15 0;
v0x56080f927f10_0 .net "LSB_A", 0 0, L_0x56080f929c30;  alias, 1 drivers
v0x56080f927fe0_0 .net "clk", 0 0, v0x56080f9296b0_0;  alias, 1 drivers
v0x56080f9280e0_0 .net "in_A", 15 0, v0x56080f9294c0_0;  alias, 1 drivers
v0x56080f928180_0 .net "ld", 0 0, v0x56080f927260_0;  alias, 1 drivers
v0x56080f928270_0 .net "sh", 0 0, v0x56080f927320_0;  alias, 1 drivers
E_0x56080f927da0 .event negedge, v0x56080f9273c0_0;
L_0x56080f929c30 .part v0x56080f927e00_0, 0, 1;
S_0x56080f9283c0 .scope module, "u_reg_C" "reg_C" 4 36, 8 1 0, S_0x56080f926230;
 .timescale 0 0;
    .port_info 0 /INPUT 1 "clk";
    .port_info 1 /INPUT 1 "ld";
    .port_info 2 /INPUT 1 "inc";
    .port_info 3 /OUTPUT 5 "C";
v0x56080f9285d0_0 .var "C", 4 0;
v0x56080f9286d0_0 .net "clk", 0 0, v0x56080f9296b0_0;  alias, 1 drivers
v0x56080f9287e0_0 .net "inc", 0 0, v0x56080f927180_0;  alias, 1 drivers
v0x56080f9288b0_0 .net "ld", 0 0, v0x56080f927260_0;  alias, 1 drivers
    .scope S_0x56080f927b30;
T_2 ;
    %wait E_0x56080f927da0;
    %load/vec4 v0x56080f928180_0;
    %flag_set/vec4 8;
    %jmp/0xz  T_2.0, 8;
    %load/vec4 v0x56080f9280e0_0;
    %assign/vec4 v0x56080f927e00_0, 0;
    %jmp T_2.1;
T_2.0 ;
    %load/vec4 v0x56080f928270_0;
    %flag_set/vec4 8;
    %jmp/0xz  T_2.2, 8;
    %load/vec4 v0x56080f927e00_0;
    %ix/load 4, 1, 0;
    %flag_set/imm 4, 0;
    %shiftr 4;
    %assign/vec4 v0x56080f927e00_0, 0;
T_2.2 ;
T_2.1 ;
    %jmp T_2;
    .thread T_2;
    .scope S_0x56080f9283c0;
T_3 ;
    %wait E_0x56080f927da0;
    %load/vec4 v0x56080f9288b0_0;
    %flag_set/vec4 8;
    %jmp/0xz  T_3.0, 8;
    %pushi/vec4 0, 0, 5;
    %assign/vec4 v0x56080f9285d0_0, 0;
    %jmp T_3.1;
T_3.0 ;
    %load/vec4 v0x56080f9287e0_0;
    %flag_set/vec4 8;
    %jmp/0xz  T_3.2, 8;
    %load/vec4 v0x56080f9285d0_0;
    %addi 1, 0, 5;
    %assign/vec4 v0x56080f9285d0_0, 0;
T_3.2 ;
T_3.1 ;
    %jmp T_3;
    .thread T_3;
    .scope S_0x56080f926990;
T_4 ;
    %wait E_0x56080f927120;
    %load/vec4 v0x56080f927730_0;
    %flag_set/vec4 8;
    %jmp/0xz  T_4.0, 8;
    %pushi/vec4 0, 0, 3;
    %assign/vec4 v0x56080f9278b0_0, 0;
    %jmp T_4.1;
T_4.0 ;
    %load/vec4 v0x56080f927650_0;
    %assign/vec4 v0x56080f9278b0_0, 0;
T_4.1 ;
    %jmp T_4;
    .thread T_4;
    .scope S_0x56080f926990;
T_5 ;
    %wait E_0x56080f8eb4b0;
    %load/vec4 v0x56080f9278b0_0;
    %dup/vec4;
    %pushi/vec4 0, 0, 3;
    %cmp/u;
    %jmp/1 T_5.0, 6;
    %dup/vec4;
    %pushi/vec4 1, 0, 3;
    %cmp/u;
    %jmp/1 T_5.1, 6;
    %dup/vec4;
    %pushi/vec4 2, 0, 3;
    %cmp/u;
    %jmp/1 T_5.2, 6;
    %dup/vec4;
    %pushi/vec4 4, 0, 3;
    %cmp/u;
    %jmp/1 T_5.3, 6;
    %dup/vec4;
    %pushi/vec4 3, 0, 3;
    %cmp/u;
    %jmp/1 T_5.4, 6;
    %dup/vec4;
    %pushi/vec4 5, 0, 3;
    %cmp/u;
    %jmp/1 T_5.5, 6;
    %pushi/vec4 0, 0, 3;
    %store/vec4 v0x56080f927650_0, 0, 3;
    %jmp T_5.7;
T_5.0 ;
    %load/vec4 v0x56080f9277f0_0;
    %flag_set/vec4 8;
    %jmp/0 T_5.8, 8;
    %pushi/vec4 1, 0, 3;
    %jmp/1 T_5.9, 8;
T_5.8 ; End of true expr.
    %pushi/vec4 0, 0, 3;
    %jmp/0 T_5.9, 8;
 ; End of false expr.
    %blend;
T_5.9;
    %store/vec4 v0x56080f927650_0, 0, 3;
    %jmp T_5.7;
T_5.1 ;
    %load/vec4 v0x56080f927990_0;
    %flag_set/vec4 8;
    %jmp/0 T_5.10, 8;
    %pushi/vec4 5, 0, 3;
    %jmp/1 T_5.11, 8;
T_5.10 ; End of true expr.
    %pushi/vec4 2, 0, 3;
    %jmp/0 T_5.11, 8;
 ; End of false expr.
    %blend;
T_5.11;
    %store/vec4 v0x56080f927650_0, 0, 3;
    %jmp T_5.7;
T_5.2 ;
    %load/vec4 v0x56080f927590_0;
    %flag_set/vec4 8;
    %jmp/0 T_5.12, 8;
    %pushi/vec4 4, 0, 3;
    %jmp/1 T_5.13, 8;
T_5.12 ; End of true expr.
    %pushi/vec4 3, 0, 3;
    %jmp/0 T_5.13, 8;
 ; End of false expr.
    %blend;
T_5.13;
    %store/vec4 v0x56080f927650_0, 0, 3;
    %jmp T_5.7;
T_5.3 ;
    %pushi/vec4 3, 0, 3;
    %store/vec4 v0x56080f927650_0, 0, 3;
    %jmp T_5.7;
T_5.4 ;
    %pushi/vec4 1, 0, 3;
    %store/vec4 v0x56080f927650_0, 0, 3;
    %jmp T_5.7;
T_5.5 ;
    %pushi/vec4 0, 0, 3;
    %store/vec4 v0x56080f927650_0, 0, 3;
    %jmp T_5.7;
T_5.7 ;
    %pop/vec4 1;
    %jmp T_5;
    .thread T_5, $push;
    .scope S_0x56080f926990;
T_6 ;
    %wait E_0x56080f8eb200;
    %pushi/vec4 0, 0, 1;
    %store/vec4 v0x56080f927480_0, 0, 1;
    %pushi/vec4 0, 0, 1;
    %store/vec4 v0x56080f927320_0, 0, 1;
    %pushi/vec4 0, 0, 1;
    %store/vec4 v0x56080f927260_0, 0, 1;
    %pushi/vec4 0, 0, 1;
    %store/vec4 v0x56080f927180_0, 0, 1;
    %load/vec4 v0x56080f9278b0_0;
    %dup/vec4;
    %pushi/vec4 0, 0, 3;
    %cmp/u;
    %jmp/1 T_6.0, 6;
    %dup/vec4;
    %pushi/vec4 1, 0, 3;
    %cmp/u;
    %jmp/1 T_6.1, 6;
    %dup/vec4;
    %pushi/vec4 2, 0, 3;
    %cmp/u;
    %jmp/1 T_6.2, 6;
    %dup/vec4;
    %pushi/vec4 3, 0, 3;
    %cmp/u;
    %jmp/1 T_6.3, 6;
    %dup/vec4;
    %pushi/vec4 4, 0, 3;
    %cmp/u;
    %jmp/1 T_6.4, 6;
    %dup/vec4;
    %pushi/vec4 5, 0, 3;
    %cmp/u;
    %jmp/1 T_6.5, 6;
    %jmp T_6.7;
T_6.0 ;
    %pushi/vec4 1, 0, 1;
    %store/vec4 v0x56080f927260_0, 0, 1;
    %jmp T_6.7;
T_6.1 ;
    %jmp T_6.7;
T_6.2 ;
    %jmp T_6.7;
T_6.3 ;
    %pushi/vec4 1, 0, 1;
    %store/vec4 v0x56080f927320_0, 0, 1;
    %jmp T_6.7;
T_6.4 ;
    %pushi/vec4 1, 0, 1;
    %store/vec4 v0x56080f927180_0, 0, 1;
    %jmp T_6.7;
T_6.5 ;
    %pushi/vec4 1, 0, 1;
    %store/vec4 v0x56080f927480_0, 0, 1;
    %jmp T_6.7;
T_6.7 ;
    %pop/vec4 1;
    %jmp T_6;
    .thread T_6, $push;
    .scope S_0x56080f8f8880;
T_7 ;
    %pushi/vec4 0, 0, 32;
    %store/vec4 v0x56080f929970_0, 0, 32;
    %pushi/vec4 0, 0, 32;
    %store/vec4 v0x56080f929880_0, 0, 32;
    %end;
    .thread T_7, $init;
    .scope S_0x56080f8f8880;
T_8 ;
    %pushi/vec4 0, 0, 1;
    %store/vec4 v0x56080f9296b0_0, 0, 1;
    %end;
    .thread T_8;
    .scope S_0x56080f8f8880;
T_9 ;
    %delay 10000, 0;
    %load/vec4 v0x56080f9296b0_0;
    %inv;
    %store/vec4 v0x56080f9296b0_0, 0, 1;
    %jmp T_9;
    .thread T_9;
    .scope S_0x56080f8f8880;
T_10 ;
    %vpi_call/w 3 67 "$dumpfile", "contador_unos_tb.vcd" {0 0 0};
    %vpi_call/w 3 68 "$dumpvars", 32'sb00000000000000000000000000000000, S_0x56080f8f8880 {0 0 0};
    %pushi/vec4 1, 0, 1;
    %store/vec4 v0x56080f929a50_0, 0, 1;
    %pushi/vec4 0, 0, 1;
    %store/vec4 v0x56080f929b40_0, 0, 1;
    %pushi/vec4 0, 0, 16;
    %store/vec4 v0x56080f9294c0_0, 0, 16;
    %delay 23000, 0;
    %pushi/vec4 0, 0, 1;
    %store/vec4 v0x56080f929a50_0, 0, 1;
    %pushi/vec4 0, 0, 16;
    %store/vec4 v0x56080f926150_0, 0, 16;
    %fork TD_contador_unos_tb.ejecutar_prueba, S_0x56080f925e60;
    %join;
    %pushi/vec4 65535, 0, 16;
    %store/vec4 v0x56080f926150_0, 0, 16;
    %fork TD_contador_unos_tb.ejecutar_prueba, S_0x56080f925e60;
    %join;
    %pushi/vec4 1, 0, 16;
    %store/vec4 v0x56080f926150_0, 0, 16;
    %fork TD_contador_unos_tb.ejecutar_prueba, S_0x56080f925e60;
    %join;
    %pushi/vec4 32768, 0, 16;
    %store/vec4 v0x56080f926150_0, 0, 16;
    %fork TD_contador_unos_tb.ejecutar_prueba, S_0x56080f925e60;
    %join;
    %pushi/vec4 43690, 0, 16;
    %store/vec4 v0x56080f926150_0, 0, 16;
    %fork TD_contador_unos_tb.ejecutar_prueba, S_0x56080f925e60;
    %join;
    %pushi/vec4 255, 0, 16;
    %store/vec4 v0x56080f926150_0, 0, 16;
    %fork TD_contador_unos_tb.ejecutar_prueba, S_0x56080f925e60;
    %join;
    %pushi/vec4 4660, 0, 16;
    %store/vec4 v0x56080f926150_0, 0, 16;
    %fork TD_contador_unos_tb.ejecutar_prueba, S_0x56080f925e60;
    %join;
    %delay 40000, 0;
    %vpi_call/w 3 86 "$display", "--------------------------------------------------" {0 0 0};
    %load/vec4 v0x56080f929880_0;
    %cmpi/e 0, 0, 32;
    %jmp/0xz  T_10.0, 4;
    %vpi_call/w 3 88 "$display", "RESULTADO: TODAS LAS PRUEBAS PASARON (%0d/%0d)", v0x56080f929970_0, v0x56080f929970_0 {0 0 0};
    %jmp T_10.1;
T_10.0 ;
    %vpi_call/w 3 90 "$display", "RESULTADO: %0d de %0d PRUEBAS FALLARON", v0x56080f929880_0, v0x56080f929970_0 {0 0 0};
T_10.1 ;
    %vpi_call/w 3 91 "$display", "--------------------------------------------------" {0 0 0};
    %vpi_call/w 3 93 "$finish" {0 0 0};
    %end;
    .thread T_10;
    .scope S_0x56080f8f8880;
T_11 ;
    %delay 100000000, 0;
    %vpi_call/w 3 98 "$display", "ERROR: TIMEOUT - la simulacion no termino a tiempo" {0 0 0};
    %vpi_call/w 3 99 "$finish" {0 0 0};
    %end;
    .thread T_11;
# The file index is used to find the file name in the following table.
:file_names 9;
    "N/A";
    "<interactive>";
    "-";
    "contador_unos_tb.v";
    "contador_unos.v";
    "comp.v";
    "control_unos.v";
    "reg_A.v";
    "reg_C.v";
