#! /usr/bin/vvp
:ivl_version "12.0 (stable)";
:ivl_delay_selection "TYPICAL";
:vpi_time_precision - 12;
:vpi_module "/usr/lib/x86_64-linux-gnu/ivl/system.vpi";
:vpi_module "/usr/lib/x86_64-linux-gnu/ivl/vhdl_sys.vpi";
:vpi_module "/usr/lib/x86_64-linux-gnu/ivl/vhdl_textio.vpi";
:vpi_module "/usr/lib/x86_64-linux-gnu/ivl/v2005_math.vpi";
:vpi_module "/usr/lib/x86_64-linux-gnu/ivl/va_math.vpi";
:vpi_module "/usr/lib/x86_64-linux-gnu/ivl/v2009.vpi";
S_0x5ac973e57e30 .scope package, "$unit" "$unit" 2 1;
 .timescale 0 0;
S_0x5ac973e57fc0 .scope module, "multiplicador_tb" "multiplicador_tb" 3 3;
 .timescale -9 -12;
v0x5ac973e96ec0_0 .var "A", 15 0;
v0x5ac973e96ff0_0 .var "B", 15 0;
v0x5ac973e97100_0 .net "P", 31 0, v0x5ac973e49f80_0;  1 drivers
v0x5ac973e971f0_0 .var "clk", 0 0;
v0x5ac973e97290_0 .net "done", 0 0, v0x5ac973e94ae0_0;  1 drivers
v0x5ac973e973d0_0 .var/i "errores", 31 0;
v0x5ac973e974b0_0 .var/i "pruebas", 31 0;
v0x5ac973e97590_0 .var "rst", 0 0;
v0x5ac973e97680_0 .var "start", 0 0;
S_0x5ac973e5b420 .scope task, "ejecutar_prueba" "ejecutar_prueba" 3 29, 3 29 0, S_0x5ac973e57fc0;
 .timescale -9 -12;
v0x5ac973e4e130_0 .var "esperado", 31 0;
v0x5ac973e4d310_0 .var "valA", 15 0;
v0x5ac973e498d0_0 .var "valB", 15 0;
E_0x5ac973e59920 .event posedge, v0x5ac973e93610_0;
E_0x5ac973e5a220 .event anyedge, v0x5ac973e94ae0_0;
TD_multiplicador_tb.ejecutar_prueba ;
    %load/vec4 v0x5ac973e4d310_0;
    %pad/u 32;
    %load/vec4 v0x5ac973e498d0_0;
    %pad/u 32;
    %mul;
    %store/vec4 v0x5ac973e4e130_0, 0, 32;
    %wait E_0x5ac973e59920;
    %delay 2000, 0;
    %load/vec4 v0x5ac973e4d310_0;
    %store/vec4 v0x5ac973e96ec0_0, 0, 16;
    %load/vec4 v0x5ac973e498d0_0;
    %store/vec4 v0x5ac973e96ff0_0, 0, 16;
    %pushi/vec4 1, 0, 1;
    %store/vec4 v0x5ac973e97680_0, 0, 1;
    %wait E_0x5ac973e59920;
    %delay 2000, 0;
    %pushi/vec4 0, 0, 1;
    %store/vec4 v0x5ac973e97680_0, 0, 1;
T_0.0 ;
    %load/vec4 v0x5ac973e97290_0;
    %pushi/vec4 1, 0, 1;
    %cmp/e;
    %flag_get/vec4 4;
    %cmpi/ne 1, 0, 1;
    %jmp/0xz T_0.1, 6;
    %wait E_0x5ac973e5a220;
    %jmp T_0.0;
T_0.1 ;
    %load/vec4 v0x5ac973e974b0_0;
    %addi 1, 0, 32;
    %store/vec4 v0x5ac973e974b0_0, 0, 32;
    %load/vec4 v0x5ac973e97100_0;
    %load/vec4 v0x5ac973e4e130_0;
    %cmp/ne;
    %jmp/0xz  T_0.2, 6;
    %load/vec4 v0x5ac973e973d0_0;
    %addi 1, 0, 32;
    %store/vec4 v0x5ac973e973d0_0, 0, 32;
    %vpi_call/w 3 47 "$display", "[%0t] FALLO -> A=%0d B=%0d : P=%0d (se esperaba %0d)", $time, v0x5ac973e4d310_0, v0x5ac973e498d0_0, v0x5ac973e97100_0, v0x5ac973e4e130_0 {0 0 0};
    %jmp T_0.3;
T_0.2 ;
    %vpi_call/w 3 50 "$display", "[%0t] OK    -> A=%0d x B=%0d = %0d", $time, v0x5ac973e4d310_0, v0x5ac973e498d0_0, v0x5ac973e97100_0 {0 0 0};
T_0.3 ;
    %wait E_0x5ac973e59920;
    %delay 2000, 0;
    %end;
S_0x5ac973e93020 .scope module, "uut" "multiplicador" 3 16, 4 1 0, S_0x5ac973e57fc0;
 .timescale 0 0;
    .port_info 0 /INPUT 1 "clk";
    .port_info 1 /INPUT 1 "rst";
    .port_info 2 /INPUT 1 "start";
    .port_info 3 /INPUT 16 "A";
    .port_info 4 /INPUT 16 "B";
    .port_info 5 /OUTPUT 32 "P";
    .port_info 6 /OUTPUT 1 "done";
v0x5ac973e96170_0 .net "A", 15 0, v0x5ac973e96ec0_0;  1 drivers
v0x5ac973e96250_0 .net "B", 15 0, v0x5ac973e96ff0_0;  1 drivers
v0x5ac973e962f0_0 .net "P", 31 0, v0x5ac973e49f80_0;  alias, 1 drivers
v0x5ac973e963c0_0 .net "clk", 0 0, v0x5ac973e971f0_0;  1 drivers
v0x5ac973e96460_0 .net "done", 0 0, v0x5ac973e94ae0_0;  alias, 1 drivers
v0x5ac973e96500_0 .net "rst", 0 0, v0x5ac973e97590_0;  1 drivers
v0x5ac973e965d0_0 .net "start", 0 0, v0x5ac973e97680_0;  1 drivers
v0x5ac973e966a0_0 .net "w_ADD", 0 0, v0x5ac973e946f0_0;  1 drivers
v0x5ac973e96790_0 .net "w_Areg", 31 0, v0x5ac973e95620_0;  1 drivers
v0x5ac973e968c0_0 .net "w_Blsb", 0 0, L_0x5ac973e977b0;  1 drivers
v0x5ac973e96960_0 .net "w_Breg", 15 0, v0x5ac973e95e90_0;  1 drivers
v0x5ac973e96a50_0 .net "w_LD", 0 0, v0x5ac973e947b0_0;  1 drivers
v0x5ac973e96af0_0 .net "w_RST", 0 0, v0x5ac973e94850_0;  1 drivers
v0x5ac973e96be0_0 .net "w_SH", 0 0, v0x5ac973e94950_0;  1 drivers
v0x5ac973e96c80_0 .net "w_x", 0 0, L_0x5ac973ea7a00;  1 drivers
v0x5ac973e96d70_0 .net "w_z", 0 0, L_0x5ac973ea78d0;  1 drivers
S_0x5ac973e932d0 .scope module, "u_acc" "acumulador" 4 46, 5 1 0, S_0x5ac973e93020;
 .timescale 0 0;
    .port_info 0 /INPUT 1 "clk";
    .port_info 1 /INPUT 1 "add";
    .port_info 2 /INPUT 1 "rst";
    .port_info 3 /INPUT 32 "in_A";
    .port_info 4 /OUTPUT 32 "P";
v0x5ac973e49f80_0 .var "P", 31 0;
v0x5ac973e93550_0 .net "add", 0 0, v0x5ac973e946f0_0;  alias, 1 drivers
v0x5ac973e93610_0 .net "clk", 0 0, v0x5ac973e971f0_0;  alias, 1 drivers
v0x5ac973e936b0_0 .net "in_A", 31 0, v0x5ac973e95620_0;  alias, 1 drivers
v0x5ac973e93790_0 .net "rst", 0 0, v0x5ac973e94850_0;  alias, 1 drivers
E_0x5ac973e3f7c0 .event negedge, v0x5ac973e93610_0;
S_0x5ac973e93940 .scope module, "u_comp" "comparador" 4 40, 6 1 0, S_0x5ac973e93020;
 .timescale 0 0;
    .port_info 0 /INPUT 16 "B";
    .port_info 1 /OUTPUT 1 "z";
    .port_info 2 /OUTPUT 1 "x";
v0x5ac973e93b90_0 .net "B", 15 0, v0x5ac973e95e90_0;  alias, 1 drivers
L_0x73dc905b7018 .functor BUFT 1, C4<0000000000000000>, C4<0>, C4<0>, C4<0>;
v0x5ac973e93c90_0 .net/2u *"_ivl_0", 15 0, L_0x73dc905b7018;  1 drivers
v0x5ac973e93d70_0 .net "x", 0 0, L_0x5ac973ea7a00;  alias, 1 drivers
v0x5ac973e93e10_0 .net "z", 0 0, L_0x5ac973ea78d0;  alias, 1 drivers
L_0x5ac973ea78d0 .cmp/eq 16, v0x5ac973e95e90_0, L_0x73dc905b7018;
L_0x5ac973ea7a00 .part v0x5ac973e95e90_0, 0, 1;
S_0x5ac973e93f50 .scope module, "u_ctrl" "control_mult" 4 56, 7 1 0, S_0x5ac973e93020;
 .timescale 0 0;
    .port_info 0 /INPUT 1 "clk";
    .port_info 1 /INPUT 1 "rst";
    .port_info 2 /INPUT 1 "start";
    .port_info 3 /INPUT 1 "x";
    .port_info 4 /INPUT 1 "z";
    .port_info 5 /OUTPUT 1 "done";
    .port_info 6 /OUTPUT 1 "LD";
    .port_info 7 /OUTPUT 1 "SH";
    .port_info 8 /OUTPUT 1 "ADD";
    .port_info 9 /OUTPUT 1 "RST";
P_0x5ac973e94130 .param/l "ADD_ST" 1 7 18, C4<011>;
P_0x5ac973e94170 .param/l "CHECK_B_ST" 1 7 16, C4<001>;
P_0x5ac973e941b0 .param/l "CHECK_LSB_ST" 1 7 17, C4<010>;
P_0x5ac973e941f0 .param/l "DONE_ST" 1 7 20, C4<101>;
P_0x5ac973e94230 .param/l "SHIFT_ST" 1 7 19, C4<100>;
P_0x5ac973e94270 .param/l "START_ST" 1 7 15, C4<000>;
v0x5ac973e946f0_0 .var "ADD", 0 0;
v0x5ac973e947b0_0 .var "LD", 0 0;
v0x5ac973e94850_0 .var "RST", 0 0;
v0x5ac973e94950_0 .var "SH", 0 0;
v0x5ac973e949f0_0 .net "clk", 0 0, v0x5ac973e971f0_0;  alias, 1 drivers
v0x5ac973e94ae0_0 .var "done", 0 0;
v0x5ac973e94b80_0 .var "next_state", 2 0;
v0x5ac973e94c40_0 .net "rst", 0 0, v0x5ac973e97590_0;  alias, 1 drivers
v0x5ac973e94d00_0 .net "start", 0 0, v0x5ac973e97680_0;  alias, 1 drivers
v0x5ac973e94dc0_0 .var "state", 2 0;
v0x5ac973e94ea0_0 .net "x", 0 0, L_0x5ac973ea7a00;  alias, 1 drivers
v0x5ac973e94f70_0 .net "z", 0 0, L_0x5ac973ea78d0;  alias, 1 drivers
E_0x5ac973e740d0 .event anyedge, v0x5ac973e94dc0_0;
E_0x5ac973e749e0 .event anyedge, v0x5ac973e94dc0_0, v0x5ac973e94d00_0, v0x5ac973e93e10_0, v0x5ac973e93d70_0;
E_0x5ac973e94690 .event posedge, v0x5ac973e94c40_0, v0x5ac973e93610_0;
S_0x5ac973e951a0 .scope module, "u_reg_A" "reg_A" 4 23, 8 1 0, S_0x5ac973e93020;
 .timescale 0 0;
    .port_info 0 /INPUT 1 "clk";
    .port_info 1 /INPUT 1 "load";
    .port_info 2 /INPUT 1 "shift";
    .port_info 3 /INPUT 16 "in_A";
    .port_info 4 /OUTPUT 32 "out_A";
v0x5ac973e95360_0 .net "clk", 0 0, v0x5ac973e971f0_0;  alias, 1 drivers
v0x5ac973e95470_0 .net "in_A", 15 0, v0x5ac973e96ec0_0;  alias, 1 drivers
v0x5ac973e95550_0 .net "load", 0 0, v0x5ac973e947b0_0;  alias, 1 drivers
v0x5ac973e95620_0 .var "out_A", 31 0;
v0x5ac973e956f0_0 .net "shift", 0 0, v0x5ac973e94950_0;  alias, 1 drivers
S_0x5ac973e95850 .scope module, "u_reg_B" "reg_B" 4 31, 9 1 0, S_0x5ac973e93020;
 .timescale 0 0;
    .port_info 0 /INPUT 1 "clk";
    .port_info 1 /INPUT 1 "load";
    .port_info 2 /INPUT 1 "shift";
    .port_info 3 /INPUT 16 "in_B";
    .port_info 4 /OUTPUT 16 "out_B";
    .port_info 5 /OUTPUT 1 "B_LSB";
v0x5ac973e95b60_0 .net "B_LSB", 0 0, L_0x5ac973e977b0;  alias, 1 drivers
v0x5ac973e95c40_0 .net "clk", 0 0, v0x5ac973e971f0_0;  alias, 1 drivers
v0x5ac973e95d00_0 .net "in_B", 15 0, v0x5ac973e96ff0_0;  alias, 1 drivers
v0x5ac973e95da0_0 .net "load", 0 0, v0x5ac973e947b0_0;  alias, 1 drivers
v0x5ac973e95e90_0 .var "out_B", 15 0;
v0x5ac973e95fa0_0 .net "shift", 0 0, v0x5ac973e94950_0;  alias, 1 drivers
L_0x5ac973e977b0 .part v0x5ac973e95e90_0, 0, 1;
    .scope S_0x5ac973e951a0;
T_1 ;
    %wait E_0x5ac973e3f7c0;
    %load/vec4 v0x5ac973e95550_0;
    %flag_set/vec4 8;
    %jmp/0xz  T_1.0, 8;
    %pushi/vec4 0, 0, 16;
    %load/vec4 v0x5ac973e95470_0;
    %concat/vec4; draw_concat_vec4
    %assign/vec4 v0x5ac973e95620_0, 0;
    %jmp T_1.1;
T_1.0 ;
    %load/vec4 v0x5ac973e956f0_0;
    %flag_set/vec4 8;
    %jmp/0xz  T_1.2, 8;
    %load/vec4 v0x5ac973e95620_0;
    %ix/load 4, 1, 0;
    %flag_set/imm 4, 0;
    %shiftl 4;
    %assign/vec4 v0x5ac973e95620_0, 0;
T_1.2 ;
T_1.1 ;
    %jmp T_1;
    .thread T_1;
    .scope S_0x5ac973e95850;
T_2 ;
    %wait E_0x5ac973e3f7c0;
    %load/vec4 v0x5ac973e95da0_0;
    %flag_set/vec4 8;
    %jmp/0xz  T_2.0, 8;
    %load/vec4 v0x5ac973e95d00_0;
    %assign/vec4 v0x5ac973e95e90_0, 0;
    %jmp T_2.1;
T_2.0 ;
    %load/vec4 v0x5ac973e95fa0_0;
    %flag_set/vec4 8;
    %jmp/0xz  T_2.2, 8;
    %load/vec4 v0x5ac973e95e90_0;
    %ix/load 4, 1, 0;
    %flag_set/imm 4, 0;
    %shiftr 4;
    %assign/vec4 v0x5ac973e95e90_0, 0;
T_2.2 ;
T_2.1 ;
    %jmp T_2;
    .thread T_2;
    .scope S_0x5ac973e932d0;
T_3 ;
    %wait E_0x5ac973e3f7c0;
    %load/vec4 v0x5ac973e93790_0;
    %flag_set/vec4 8;
    %jmp/0xz  T_3.0, 8;
    %pushi/vec4 0, 0, 32;
    %assign/vec4 v0x5ac973e49f80_0, 0;
    %jmp T_3.1;
T_3.0 ;
    %load/vec4 v0x5ac973e93550_0;
    %flag_set/vec4 8;
    %jmp/0xz  T_3.2, 8;
    %load/vec4 v0x5ac973e49f80_0;
    %load/vec4 v0x5ac973e936b0_0;
    %add;
    %assign/vec4 v0x5ac973e49f80_0, 0;
T_3.2 ;
T_3.1 ;
    %jmp T_3;
    .thread T_3;
    .scope S_0x5ac973e93f50;
T_4 ;
    %wait E_0x5ac973e94690;
    %load/vec4 v0x5ac973e94c40_0;
    %flag_set/vec4 8;
    %jmp/0xz  T_4.0, 8;
    %pushi/vec4 0, 0, 3;
    %assign/vec4 v0x5ac973e94dc0_0, 0;
    %jmp T_4.1;
T_4.0 ;
    %load/vec4 v0x5ac973e94b80_0;
    %assign/vec4 v0x5ac973e94dc0_0, 0;
T_4.1 ;
    %jmp T_4;
    .thread T_4;
    .scope S_0x5ac973e93f50;
T_5 ;
    %wait E_0x5ac973e749e0;
    %load/vec4 v0x5ac973e94dc0_0;
    %dup/vec4;
    %pushi/vec4 0, 0, 3;
    %cmp/u;
    %jmp/1 T_5.0, 6;
    %dup/vec4;
    %pushi/vec4 1, 0, 3;
    %cmp/u;
    %jmp/1 T_5.1, 6;
    %dup/vec4;
    %pushi/vec4 2, 0, 3;
    %cmp/u;
    %jmp/1 T_5.2, 6;
    %dup/vec4;
    %pushi/vec4 3, 0, 3;
    %cmp/u;
    %jmp/1 T_5.3, 6;
    %dup/vec4;
    %pushi/vec4 4, 0, 3;
    %cmp/u;
    %jmp/1 T_5.4, 6;
    %dup/vec4;
    %pushi/vec4 5, 0, 3;
    %cmp/u;
    %jmp/1 T_5.5, 6;
    %pushi/vec4 0, 0, 3;
    %store/vec4 v0x5ac973e94b80_0, 0, 3;
    %jmp T_5.7;
T_5.0 ;
    %load/vec4 v0x5ac973e94d00_0;
    %flag_set/vec4 8;
    %jmp/0 T_5.8, 8;
    %pushi/vec4 1, 0, 3;
    %jmp/1 T_5.9, 8;
T_5.8 ; End of true expr.
    %pushi/vec4 0, 0, 3;
    %jmp/0 T_5.9, 8;
 ; End of false expr.
    %blend;
T_5.9;
    %store/vec4 v0x5ac973e94b80_0, 0, 3;
    %jmp T_5.7;
T_5.1 ;
    %load/vec4 v0x5ac973e94f70_0;
    %flag_set/vec4 8;
    %jmp/0 T_5.10, 8;
    %pushi/vec4 5, 0, 3;
    %jmp/1 T_5.11, 8;
T_5.10 ; End of true expr.
    %pushi/vec4 2, 0, 3;
    %jmp/0 T_5.11, 8;
 ; End of false expr.
    %blend;
T_5.11;
    %store/vec4 v0x5ac973e94b80_0, 0, 3;
    %jmp T_5.7;
T_5.2 ;
    %load/vec4 v0x5ac973e94ea0_0;
    %flag_set/vec4 8;
    %jmp/0 T_5.12, 8;
    %pushi/vec4 3, 0, 3;
    %jmp/1 T_5.13, 8;
T_5.12 ; End of true expr.
    %pushi/vec4 4, 0, 3;
    %jmp/0 T_5.13, 8;
 ; End of false expr.
    %blend;
T_5.13;
    %store/vec4 v0x5ac973e94b80_0, 0, 3;
    %jmp T_5.7;
T_5.3 ;
    %pushi/vec4 4, 0, 3;
    %store/vec4 v0x5ac973e94b80_0, 0, 3;
    %jmp T_5.7;
T_5.4 ;
    %pushi/vec4 1, 0, 3;
    %store/vec4 v0x5ac973e94b80_0, 0, 3;
    %jmp T_5.7;
T_5.5 ;
    %pushi/vec4 0, 0, 3;
    %store/vec4 v0x5ac973e94b80_0, 0, 3;
    %jmp T_5.7;
T_5.7 ;
    %pop/vec4 1;
    %jmp T_5;
    .thread T_5, $push;
    .scope S_0x5ac973e93f50;
T_6 ;
    %wait E_0x5ac973e740d0;
    %pushi/vec4 0, 0, 1;
    %store/vec4 v0x5ac973e94ae0_0, 0, 1;
    %pushi/vec4 0, 0, 1;
    %store/vec4 v0x5ac973e947b0_0, 0, 1;
    %pushi/vec4 0, 0, 1;
    %store/vec4 v0x5ac973e94950_0, 0, 1;
    %pushi/vec4 0, 0, 1;
    %store/vec4 v0x5ac973e946f0_0, 0, 1;
    %pushi/vec4 0, 0, 1;
    %store/vec4 v0x5ac973e94850_0, 0, 1;
    %load/vec4 v0x5ac973e94dc0_0;
    %dup/vec4;
    %pushi/vec4 0, 0, 3;
    %cmp/u;
    %jmp/1 T_6.0, 6;
    %dup/vec4;
    %pushi/vec4 1, 0, 3;
    %cmp/u;
    %jmp/1 T_6.1, 6;
    %dup/vec4;
    %pushi/vec4 2, 0, 3;
    %cmp/u;
    %jmp/1 T_6.2, 6;
    %dup/vec4;
    %pushi/vec4 3, 0, 3;
    %cmp/u;
    %jmp/1 T_6.3, 6;
    %dup/vec4;
    %pushi/vec4 4, 0, 3;
    %cmp/u;
    %jmp/1 T_6.4, 6;
    %dup/vec4;
    %pushi/vec4 5, 0, 3;
    %cmp/u;
    %jmp/1 T_6.5, 6;
    %jmp T_6.7;
T_6.0 ;
    %pushi/vec4 1, 0, 1;
    %store/vec4 v0x5ac973e947b0_0, 0, 1;
    %pushi/vec4 1, 0, 1;
    %store/vec4 v0x5ac973e94850_0, 0, 1;
    %jmp T_6.7;
T_6.1 ;
    %jmp T_6.7;
T_6.2 ;
    %jmp T_6.7;
T_6.3 ;
    %pushi/vec4 1, 0, 1;
    %store/vec4 v0x5ac973e946f0_0, 0, 1;
    %jmp T_6.7;
T_6.4 ;
    %pushi/vec4 1, 0, 1;
    %store/vec4 v0x5ac973e94950_0, 0, 1;
    %jmp T_6.7;
T_6.5 ;
    %pushi/vec4 1, 0, 1;
    %store/vec4 v0x5ac973e94ae0_0, 0, 1;
    %jmp T_6.7;
T_6.7 ;
    %pop/vec4 1;
    %jmp T_6;
    .thread T_6, $push;
    .scope S_0x5ac973e57fc0;
T_7 ;
    %pushi/vec4 0, 0, 32;
    %store/vec4 v0x5ac973e974b0_0, 0, 32;
    %pushi/vec4 0, 0, 32;
    %store/vec4 v0x5ac973e973d0_0, 0, 32;
    %end;
    .thread T_7, $init;
    .scope S_0x5ac973e57fc0;
T_8 ;
    %pushi/vec4 0, 0, 1;
    %store/vec4 v0x5ac973e971f0_0, 0, 1;
    %end;
    .thread T_8;
    .scope S_0x5ac973e57fc0;
T_9 ;
    %delay 10000, 0;
    %load/vec4 v0x5ac973e971f0_0;
    %inv;
    %store/vec4 v0x5ac973e971f0_0, 0, 1;
    %jmp T_9;
    .thread T_9;
    .scope S_0x5ac973e57fc0;
T_10 ;
    %vpi_call/w 3 59 "$dumpfile", "multiplicador_tb.vcd" {0 0 0};
    %vpi_call/w 3 60 "$dumpvars", 32'sb00000000000000000000000000000000, S_0x5ac973e57fc0 {0 0 0};
    %pushi/vec4 1, 0, 1;
    %store/vec4 v0x5ac973e97590_0, 0, 1;
    %pushi/vec4 0, 0, 1;
    %store/vec4 v0x5ac973e97680_0, 0, 1;
    %pushi/vec4 0, 0, 16;
    %store/vec4 v0x5ac973e96ec0_0, 0, 16;
    %pushi/vec4 0, 0, 16;
    %store/vec4 v0x5ac973e96ff0_0, 0, 16;
    %delay 23000, 0;
    %pushi/vec4 0, 0, 1;
    %store/vec4 v0x5ac973e97590_0, 0, 1;
    %pushi/vec4 5, 0, 16;
    %store/vec4 v0x5ac973e4d310_0, 0, 16;
    %pushi/vec4 3, 0, 16;
    %store/vec4 v0x5ac973e498d0_0, 0, 16;
    %fork TD_multiplicador_tb.ejecutar_prueba, S_0x5ac973e5b420;
    %join;
    %pushi/vec4 0, 0, 16;
    %store/vec4 v0x5ac973e4d310_0, 0, 16;
    %pushi/vec4 10, 0, 16;
    %store/vec4 v0x5ac973e498d0_0, 0, 16;
    %fork TD_multiplicador_tb.ejecutar_prueba, S_0x5ac973e5b420;
    %join;
    %pushi/vec4 10, 0, 16;
    %store/vec4 v0x5ac973e4d310_0, 0, 16;
    %pushi/vec4 0, 0, 16;
    %store/vec4 v0x5ac973e498d0_0, 0, 16;
    %fork TD_multiplicador_tb.ejecutar_prueba, S_0x5ac973e5b420;
    %join;
    %pushi/vec4 1, 0, 16;
    %store/vec4 v0x5ac973e4d310_0, 0, 16;
    %pushi/vec4 1, 0, 16;
    %store/vec4 v0x5ac973e498d0_0, 0, 16;
    %fork TD_multiplicador_tb.ejecutar_prueba, S_0x5ac973e5b420;
    %join;
    %pushi/vec4 255, 0, 16;
    %store/vec4 v0x5ac973e4d310_0, 0, 16;
    %pushi/vec4 255, 0, 16;
    %store/vec4 v0x5ac973e498d0_0, 0, 16;
    %fork TD_multiplicador_tb.ejecutar_prueba, S_0x5ac973e5b420;
    %join;
    %pushi/vec4 12345, 0, 16;
    %store/vec4 v0x5ac973e4d310_0, 0, 16;
    %pushi/vec4 6789, 0, 16;
    %store/vec4 v0x5ac973e498d0_0, 0, 16;
    %fork TD_multiplicador_tb.ejecutar_prueba, S_0x5ac973e5b420;
    %join;
    %pushi/vec4 65535, 0, 16;
    %store/vec4 v0x5ac973e4d310_0, 0, 16;
    %pushi/vec4 65535, 0, 16;
    %store/vec4 v0x5ac973e498d0_0, 0, 16;
    %fork TD_multiplicador_tb.ejecutar_prueba, S_0x5ac973e5b420;
    %join;
    %delay 40000, 0;
    %vpi_call/w 3 79 "$display", "--------------------------------------------------" {0 0 0};
    %load/vec4 v0x5ac973e973d0_0;
    %cmpi/e 0, 0, 32;
    %jmp/0xz  T_10.0, 4;
    %vpi_call/w 3 81 "$display", "RESULTADO: TODAS LAS PRUEBAS PASARON (%0d/%0d)", v0x5ac973e974b0_0, v0x5ac973e974b0_0 {0 0 0};
    %jmp T_10.1;
T_10.0 ;
    %vpi_call/w 3 83 "$display", "RESULTADO: %0d de %0d PRUEBAS FALLARON", v0x5ac973e973d0_0, v0x5ac973e974b0_0 {0 0 0};
T_10.1 ;
    %vpi_call/w 3 84 "$display", "--------------------------------------------------" {0 0 0};
    %vpi_call/w 3 86 "$finish" {0 0 0};
    %end;
    .thread T_10;
    .scope S_0x5ac973e57fc0;
T_11 ;
    %delay 100000000, 0;
    %vpi_call/w 3 91 "$display", "ERROR: TIMEOUT - la simulacion no termino a tiempo" {0 0 0};
    %vpi_call/w 3 92 "$finish" {0 0 0};
    %end;
    .thread T_11;
# The file index is used to find the file name in the following table.
:file_names 10;
    "N/A";
    "<interactive>";
    "-";
    "multiplicador_tb.v";
    "multiplicador.v";
    "acumulador.v";
    "comparador.v";
    "control_mult.v";
    "reg_A.v";
    "reg_B.v";
