#! /usr/bin/vvp
:ivl_version "12.0 (stable)";
:ivl_delay_selection "TYPICAL";
:vpi_time_precision - 12;
:vpi_module "/usr/lib/x86_64-linux-gnu/ivl/system.vpi";
:vpi_module "/usr/lib/x86_64-linux-gnu/ivl/vhdl_sys.vpi";
:vpi_module "/usr/lib/x86_64-linux-gnu/ivl/vhdl_textio.vpi";
:vpi_module "/usr/lib/x86_64-linux-gnu/ivl/v2005_math.vpi";
:vpi_module "/usr/lib/x86_64-linux-gnu/ivl/va_math.vpi";
:vpi_module "/usr/lib/x86_64-linux-gnu/ivl/v2009.vpi";
S_0x622e771247f0 .scope package, "$unit" "$unit" 2 1;
 .timescale 0 0;
S_0x622e77124980 .scope module, "raiz_cuadrada_tb" "raiz_cuadrada_tb" 3 3;
 .timescale -9 -12;
v0x622e7715ed50_0 .net "Q", 15 0, L_0x622e77113d40;  1 drivers
v0x622e7715ee30_0 .net "Residuo", 15 0, L_0x622e77114320;  1 drivers
v0x622e7715eed0_0 .var "Xin", 15 0;
v0x622e7715eff0_0 .var "clk", 0 0;
v0x622e7715f090_0 .net "done", 0 0, v0x622e7715c6e0_0;  1 drivers
v0x622e7715f1d0_0 .var/i "errores", 31 0;
v0x622e7715f290_0 .var/i "pruebas", 31 0;
v0x622e7715f370_0 .var "rst", 0 0;
v0x622e7715f460_0 .var "start", 0 0;
S_0x622e7712b360 .scope task, "ejecutar_prueba" "ejecutar_prueba" 3 40, 3 40 0, S_0x622e77124980;
 .timescale -9 -12;
v0x622e77118340_0 .var "esperadoQ", 15 0;
v0x622e77118ef0_0 .var "esperadoR", 15 0;
v0x622e77113ea0_0 .var "valX", 15 0;
E_0x622e77124210 .event posedge, v0x622e7715c620_0;
E_0x622e77123d60 .event anyedge, v0x622e7715c6e0_0;
TD_raiz_cuadrada_tb.ejecutar_prueba ;
    %load/vec4 v0x622e77113ea0_0;
    %store/vec4 v0x622e7715b620_0, 0, 16;
    %callf/vec4 TD_raiz_cuadrada_tb.raiz_entera, S_0x622e7715b300;
    %store/vec4 v0x622e77118340_0, 0, 16;
    %load/vec4 v0x622e77113ea0_0;
    %load/vec4 v0x622e77118340_0;
    %load/vec4 v0x622e77118340_0;
    %mul;
    %sub;
    %store/vec4 v0x622e77118ef0_0, 0, 16;
    %wait E_0x622e77124210;
    %delay 2000, 0;
    %load/vec4 v0x622e77113ea0_0;
    %store/vec4 v0x622e7715eed0_0, 0, 16;
    %pushi/vec4 1, 0, 1;
    %store/vec4 v0x622e7715f460_0, 0, 1;
    %wait E_0x622e77124210;
    %delay 2000, 0;
    %pushi/vec4 0, 0, 1;
    %store/vec4 v0x622e7715f460_0, 0, 1;
T_0.0 ;
    %load/vec4 v0x622e7715f090_0;
    %pushi/vec4 1, 0, 1;
    %cmp/e;
    %flag_get/vec4 4;
    %cmpi/ne 1, 0, 1;
    %jmp/0xz T_0.1, 6;
    %wait E_0x622e77123d60;
    %jmp T_0.0;
T_0.1 ;
    %load/vec4 v0x622e7715f290_0;
    %addi 1, 0, 32;
    %store/vec4 v0x622e7715f290_0, 0, 32;
    %load/vec4 v0x622e7715ed50_0;
    %load/vec4 v0x622e77118340_0;
    %cmp/ne;
    %jmp/1 T_0.4, 6;
    %flag_mov 8, 6;
    %load/vec4 v0x622e7715ee30_0;
    %load/vec4 v0x622e77118ef0_0;
    %cmp/ne;
    %flag_or 6, 8;
T_0.4;
    %jmp/0xz  T_0.2, 6;
    %load/vec4 v0x622e7715f1d0_0;
    %addi 1, 0, 32;
    %store/vec4 v0x622e7715f1d0_0, 0, 32;
    %vpi_call/w 3 59 "$display", "[%0t] FALLO -> X=%0d : Q=%0d Residuo=%0d (se esperaba Q=%0d R=%0d)", $time, v0x622e77113ea0_0, v0x622e7715ed50_0, v0x622e7715ee30_0, v0x622e77118340_0, v0x622e77118ef0_0 {0 0 0};
    %jmp T_0.3;
T_0.2 ;
    %vpi_call/w 3 62 "$display", "[%0t] OK    -> raiz(%0d) = %0d, residuo %0d", $time, v0x622e77113ea0_0, v0x622e7715ed50_0, v0x622e7715ee30_0 {0 0 0};
T_0.3 ;
    %wait E_0x622e77124210;
    %delay 2000, 0;
    %end;
S_0x622e7715b300 .scope function.vec4.s16, "raiz_entera" "raiz_entera" 3 29, 3 29 0, S_0x622e77124980;
 .timescale -9 -12;
v0x622e77114480_0 .var "n", 15 0;
; Variable raiz_entera is vec4 return value of scope S_0x622e7715b300
v0x622e7715b620_0 .var "val", 15 0;
TD_raiz_cuadrada_tb.raiz_entera ;
    %pushi/vec4 0, 0, 16;
    %store/vec4 v0x622e77114480_0, 0, 16;
T_1.5 ;
    %load/vec4 v0x622e77114480_0;
    %addi 1, 0, 16;
    %load/vec4 v0x622e77114480_0;
    %addi 1, 0, 16;
    %mul;
    %load/vec4 v0x622e7715b620_0;
    %cmp/u;
    %flag_or 5, 4;
    %jmp/0xz T_1.6, 5;
    %load/vec4 v0x622e77114480_0;
    %addi 1, 0, 16;
    %store/vec4 v0x622e77114480_0, 0, 16;
    %jmp T_1.5;
T_1.6 ;
    %load/vec4 v0x622e77114480_0;
    %ret/vec4 0, 0, 16;  Assign to raiz_entera (store_vec4_to_lval)
    %end;
S_0x622e7715b6e0 .scope module, "uut" "raiz_cuadrada" 3 16, 4 2 0, S_0x622e77124980;
 .timescale -9 -12;
    .port_info 0 /INPUT 1 "clk";
    .port_info 1 /INPUT 1 "rst";
    .port_info 2 /INPUT 1 "start";
    .port_info 3 /INPUT 16 "X";
    .port_info 4 /OUTPUT 16 "Q";
    .port_info 5 /OUTPUT 16 "Residuo";
    .port_info 6 /OUTPUT 1 "done";
L_0x622e77113d40 .functor BUFZ 16, v0x622e7715d4c0_0, C4<0000000000000000>, C4<0000000000000000>, C4<0000000000000000>;
L_0x622e77114320 .functor BUFZ 16, v0x622e7715dcd0_0, C4<0000000000000000>, C4<0000000000000000>, C4<0000000000000000>;
v0x622e7715e1b0_0 .net "Q", 15 0, L_0x622e77113d40;  alias, 1 drivers
v0x622e7715e2b0_0 .net "Residuo", 15 0, L_0x622e77114320;  alias, 1 drivers
v0x622e7715e390_0 .net "X", 15 0, v0x622e7715eed0_0;  1 drivers
v0x622e7715e430_0 .net "clk", 0 0, v0x622e7715eff0_0;  1 drivers
v0x622e7715e4d0_0 .net "done", 0 0, v0x622e7715c6e0_0;  alias, 1 drivers
v0x622e7715e570_0 .net "rst", 0 0, v0x622e7715f370_0;  1 drivers
v0x622e7715e610_0 .net "start", 0 0, v0x622e7715f460_0;  1 drivers
v0x622e7715e6e0_0 .net "w_ADD", 0 0, v0x622e7715c3e0_0;  1 drivers
v0x622e7715e780_0 .net "w_D", 15 0, v0x622e7715cf00_0;  1 drivers
v0x622e7715e8b0_0 .net "w_INC", 0 0, v0x622e7715c4c0_0;  1 drivers
v0x622e7715e950_0 .net "w_LD", 0 0, v0x622e7715c580_0;  1 drivers
v0x622e7715ea80_0 .net "w_Q", 15 0, v0x622e7715d4c0_0;  1 drivers
v0x622e7715eb20_0 .net "w_Xacc", 15 0, v0x622e7715dcd0_0;  1 drivers
v0x622e7715ebc0_0 .net "w_z", 0 0, L_0x622e7715f590;  1 drivers
S_0x622e7715b970 .scope module, "u_comp" "comp_raiz" 4 41, 5 2 0, S_0x622e7715b6e0;
 .timescale -9 -12;
    .port_info 0 /INPUT 16 "X";
    .port_info 1 /INPUT 16 "D";
    .port_info 2 /OUTPUT 1 "z";
v0x622e7715bbc0_0 .net "D", 15 0, v0x622e7715cf00_0;  alias, 1 drivers
v0x622e7715bcc0_0 .net "X", 15 0, v0x622e7715dcd0_0;  alias, 1 drivers
v0x622e7715bda0_0 .net "z", 0 0, L_0x622e7715f590;  alias, 1 drivers
L_0x622e7715f590 .cmp/ge 16, v0x622e7715dcd0_0, v0x622e7715cf00_0;
S_0x622e7715bec0 .scope module, "u_ctrl" "control_raiz" 4 56, 6 2 0, S_0x622e7715b6e0;
 .timescale -9 -12;
    .port_info 0 /INPUT 1 "clk";
    .port_info 1 /INPUT 1 "rst";
    .port_info 2 /INPUT 1 "start";
    .port_info 3 /INPUT 1 "z";
    .port_info 4 /OUTPUT 1 "done";
    .port_info 5 /OUTPUT 1 "LD";
    .port_info 6 /OUTPUT 1 "ADD";
    .port_info 7 /OUTPUT 1 "INC";
P_0x622e7713a8a0 .param/l "ADD_ST" 1 6 16, C4<10>;
P_0x622e7713a8e0 .param/l "CHECK_ST" 1 6 15, C4<01>;
P_0x622e7713a920 .param/l "DONE_ST" 1 6 17, C4<11>;
P_0x622e7713a960 .param/l "START_ST" 1 6 14, C4<00>;
v0x622e7715c3e0_0 .var "ADD", 0 0;
v0x622e7715c4c0_0 .var "INC", 0 0;
v0x622e7715c580_0 .var "LD", 0 0;
v0x622e7715c620_0 .net "clk", 0 0, v0x622e7715eff0_0;  alias, 1 drivers
v0x622e7715c6e0_0 .var "done", 0 0;
v0x622e7715c7f0_0 .var "next_state", 1 0;
v0x622e7715c8d0_0 .net "rst", 0 0, v0x622e7715f370_0;  alias, 1 drivers
v0x622e7715c990_0 .net "start", 0 0, v0x622e7715f460_0;  alias, 1 drivers
v0x622e7715ca50_0 .var "state", 1 0;
v0x622e7715cb30_0 .net "z", 0 0, L_0x622e7715f590;  alias, 1 drivers
E_0x622e77109860 .event anyedge, v0x622e7715ca50_0;
E_0x622e7713c090 .event anyedge, v0x622e7715ca50_0, v0x622e7715c990_0, v0x622e7715bda0_0;
E_0x622e7713c210 .event posedge, v0x622e7715c8d0_0, v0x622e7715c620_0;
S_0x622e7715ccb0 .scope module, "u_reg_D" "reg_D" 4 25, 7 2 0, S_0x622e7715b6e0;
 .timescale -9 -12;
    .port_info 0 /INPUT 1 "clk";
    .port_info 1 /INPUT 1 "add";
    .port_info 2 /INPUT 1 "ld";
    .port_info 3 /OUTPUT 16 "D";
v0x622e7715cf00_0 .var "D", 15 0;
v0x622e7715d010_0 .net "add", 0 0, v0x622e7715c3e0_0;  alias, 1 drivers
v0x622e7715d0e0_0 .net "clk", 0 0, v0x622e7715eff0_0;  alias, 1 drivers
v0x622e7715d1e0_0 .net "ld", 0 0, v0x622e7715c580_0;  alias, 1 drivers
E_0x622e7715cea0 .event negedge, v0x622e7715c620_0;
S_0x622e7715d2e0 .scope module, "u_reg_Q" "reg_Q_raiz" 4 47, 8 2 0, S_0x622e7715b6e0;
 .timescale -9 -12;
    .port_info 0 /INPUT 1 "clk";
    .port_info 1 /INPUT 1 "ld";
    .port_info 2 /INPUT 1 "inc";
    .port_info 3 /OUTPUT 16 "Q";
v0x622e7715d4c0_0 .var "Q", 15 0;
v0x622e7715d5a0_0 .net "clk", 0 0, v0x622e7715eff0_0;  alias, 1 drivers
v0x622e7715d6b0_0 .net "inc", 0 0, v0x622e7715c4c0_0;  alias, 1 drivers
v0x622e7715d780_0 .net "ld", 0 0, v0x622e7715c580_0;  alias, 1 drivers
S_0x622e7715d890 .scope module, "u_reg_Xacc" "reg_X_acc" 4 32, 9 2 0, S_0x622e7715b6e0;
 .timescale -9 -12;
    .port_info 0 /INPUT 1 "clk";
    .port_info 1 /INPUT 1 "ld";
    .port_info 2 /INPUT 1 "add";
    .port_info 3 /INPUT 16 "in_X";
    .port_info 4 /INPUT 16 "D";
    .port_info 5 /OUTPUT 16 "X";
v0x622e7715dba0_0 .net "D", 15 0, v0x622e7715cf00_0;  alias, 1 drivers
v0x622e7715dcd0_0 .var "X", 15 0;
v0x622e7715dd90_0 .net "add", 0 0, v0x622e7715c3e0_0;  alias, 1 drivers
v0x622e7715de80_0 .net "clk", 0 0, v0x622e7715eff0_0;  alias, 1 drivers
v0x622e7715df20_0 .net "in_X", 15 0, v0x622e7715eed0_0;  alias, 1 drivers
v0x622e7715e010_0 .net "ld", 0 0, v0x622e7715c580_0;  alias, 1 drivers
    .scope S_0x622e7715ccb0;
T_2 ;
    %wait E_0x622e7715cea0;
    %load/vec4 v0x622e7715d1e0_0;
    %flag_set/vec4 8;
    %jmp/0xz  T_2.0, 8;
    %pushi/vec4 1, 0, 16;
    %assign/vec4 v0x622e7715cf00_0, 0;
    %jmp T_2.1;
T_2.0 ;
    %load/vec4 v0x622e7715d010_0;
    %flag_set/vec4 8;
    %jmp/0xz  T_2.2, 8;
    %load/vec4 v0x622e7715cf00_0;
    %addi 2, 0, 16;
    %assign/vec4 v0x622e7715cf00_0, 0;
T_2.2 ;
T_2.1 ;
    %jmp T_2;
    .thread T_2;
    .scope S_0x622e7715d890;
T_3 ;
    %wait E_0x622e7715cea0;
    %load/vec4 v0x622e7715e010_0;
    %flag_set/vec4 8;
    %jmp/0xz  T_3.0, 8;
    %load/vec4 v0x622e7715df20_0;
    %assign/vec4 v0x622e7715dcd0_0, 0;
    %jmp T_3.1;
T_3.0 ;
    %load/vec4 v0x622e7715dd90_0;
    %flag_set/vec4 8;
    %jmp/0xz  T_3.2, 8;
    %load/vec4 v0x622e7715dcd0_0;
    %load/vec4 v0x622e7715dba0_0;
    %sub;
    %assign/vec4 v0x622e7715dcd0_0, 0;
T_3.2 ;
T_3.1 ;
    %jmp T_3;
    .thread T_3;
    .scope S_0x622e7715d2e0;
T_4 ;
    %wait E_0x622e7715cea0;
    %load/vec4 v0x622e7715d780_0;
    %flag_set/vec4 8;
    %jmp/0xz  T_4.0, 8;
    %pushi/vec4 0, 0, 16;
    %assign/vec4 v0x622e7715d4c0_0, 0;
    %jmp T_4.1;
T_4.0 ;
    %load/vec4 v0x622e7715d6b0_0;
    %flag_set/vec4 8;
    %jmp/0xz  T_4.2, 8;
    %load/vec4 v0x622e7715d4c0_0;
    %addi 1, 0, 16;
    %assign/vec4 v0x622e7715d4c0_0, 0;
T_4.2 ;
T_4.1 ;
    %jmp T_4;
    .thread T_4;
    .scope S_0x622e7715bec0;
T_5 ;
    %wait E_0x622e7713c210;
    %load/vec4 v0x622e7715c8d0_0;
    %flag_set/vec4 8;
    %jmp/0xz  T_5.0, 8;
    %pushi/vec4 0, 0, 2;
    %assign/vec4 v0x622e7715ca50_0, 0;
    %jmp T_5.1;
T_5.0 ;
    %load/vec4 v0x622e7715c7f0_0;
    %assign/vec4 v0x622e7715ca50_0, 0;
T_5.1 ;
    %jmp T_5;
    .thread T_5;
    .scope S_0x622e7715bec0;
T_6 ;
    %wait E_0x622e7713c090;
    %load/vec4 v0x622e7715ca50_0;
    %dup/vec4;
    %pushi/vec4 0, 0, 2;
    %cmp/u;
    %jmp/1 T_6.0, 6;
    %dup/vec4;
    %pushi/vec4 1, 0, 2;
    %cmp/u;
    %jmp/1 T_6.1, 6;
    %dup/vec4;
    %pushi/vec4 2, 0, 2;
    %cmp/u;
    %jmp/1 T_6.2, 6;
    %dup/vec4;
    %pushi/vec4 3, 0, 2;
    %cmp/u;
    %jmp/1 T_6.3, 6;
    %pushi/vec4 0, 0, 2;
    %store/vec4 v0x622e7715c7f0_0, 0, 2;
    %jmp T_6.5;
T_6.0 ;
    %load/vec4 v0x622e7715c990_0;
    %flag_set/vec4 8;
    %jmp/0 T_6.6, 8;
    %pushi/vec4 1, 0, 2;
    %jmp/1 T_6.7, 8;
T_6.6 ; End of true expr.
    %pushi/vec4 0, 0, 2;
    %jmp/0 T_6.7, 8;
 ; End of false expr.
    %blend;
T_6.7;
    %store/vec4 v0x622e7715c7f0_0, 0, 2;
    %jmp T_6.5;
T_6.1 ;
    %load/vec4 v0x622e7715cb30_0;
    %flag_set/vec4 8;
    %jmp/0 T_6.8, 8;
    %pushi/vec4 2, 0, 2;
    %jmp/1 T_6.9, 8;
T_6.8 ; End of true expr.
    %pushi/vec4 3, 0, 2;
    %jmp/0 T_6.9, 8;
 ; End of false expr.
    %blend;
T_6.9;
    %store/vec4 v0x622e7715c7f0_0, 0, 2;
    %jmp T_6.5;
T_6.2 ;
    %pushi/vec4 1, 0, 2;
    %store/vec4 v0x622e7715c7f0_0, 0, 2;
    %jmp T_6.5;
T_6.3 ;
    %pushi/vec4 0, 0, 2;
    %store/vec4 v0x622e7715c7f0_0, 0, 2;
    %jmp T_6.5;
T_6.5 ;
    %pop/vec4 1;
    %jmp T_6;
    .thread T_6, $push;
    .scope S_0x622e7715bec0;
T_7 ;
    %wait E_0x622e77109860;
    %pushi/vec4 0, 0, 1;
    %store/vec4 v0x622e7715c6e0_0, 0, 1;
    %pushi/vec4 0, 0, 1;
    %store/vec4 v0x622e7715c580_0, 0, 1;
    %pushi/vec4 0, 0, 1;
    %store/vec4 v0x622e7715c3e0_0, 0, 1;
    %pushi/vec4 0, 0, 1;
    %store/vec4 v0x622e7715c4c0_0, 0, 1;
    %load/vec4 v0x622e7715ca50_0;
    %dup/vec4;
    %pushi/vec4 0, 0, 2;
    %cmp/u;
    %jmp/1 T_7.0, 6;
    %dup/vec4;
    %pushi/vec4 1, 0, 2;
    %cmp/u;
    %jmp/1 T_7.1, 6;
    %dup/vec4;
    %pushi/vec4 2, 0, 2;
    %cmp/u;
    %jmp/1 T_7.2, 6;
    %dup/vec4;
    %pushi/vec4 3, 0, 2;
    %cmp/u;
    %jmp/1 T_7.3, 6;
    %jmp T_7.5;
T_7.0 ;
    %pushi/vec4 1, 0, 1;
    %store/vec4 v0x622e7715c580_0, 0, 1;
    %jmp T_7.5;
T_7.1 ;
    %jmp T_7.5;
T_7.2 ;
    %pushi/vec4 1, 0, 1;
    %store/vec4 v0x622e7715c3e0_0, 0, 1;
    %pushi/vec4 1, 0, 1;
    %store/vec4 v0x622e7715c4c0_0, 0, 1;
    %jmp T_7.5;
T_7.3 ;
    %pushi/vec4 1, 0, 1;
    %store/vec4 v0x622e7715c6e0_0, 0, 1;
    %jmp T_7.5;
T_7.5 ;
    %pop/vec4 1;
    %jmp T_7;
    .thread T_7, $push;
    .scope S_0x622e77124980;
T_8 ;
    %pushi/vec4 0, 0, 32;
    %store/vec4 v0x622e7715f290_0, 0, 32;
    %pushi/vec4 0, 0, 32;
    %store/vec4 v0x622e7715f1d0_0, 0, 32;
    %end;
    .thread T_8, $init;
    .scope S_0x622e77124980;
T_9 ;
    %pushi/vec4 0, 0, 1;
    %store/vec4 v0x622e7715eff0_0, 0, 1;
    %end;
    .thread T_9;
    .scope S_0x622e77124980;
T_10 ;
    %delay 10000, 0;
    %load/vec4 v0x622e7715eff0_0;
    %inv;
    %store/vec4 v0x622e7715eff0_0, 0, 1;
    %jmp T_10;
    .thread T_10;
    .scope S_0x622e77124980;
T_11 ;
    %vpi_call/w 3 72 "$dumpfile", "raiz_cuadrada_tb.vcd" {0 0 0};
    %vpi_call/w 3 73 "$dumpvars", 32'sb00000000000000000000000000000000, S_0x622e77124980 {0 0 0};
    %pushi/vec4 1, 0, 1;
    %store/vec4 v0x622e7715f370_0, 0, 1;
    %pushi/vec4 0, 0, 1;
    %store/vec4 v0x622e7715f460_0, 0, 1;
    %pushi/vec4 0, 0, 16;
    %store/vec4 v0x622e7715eed0_0, 0, 16;
    %delay 23000, 0;
    %pushi/vec4 0, 0, 1;
    %store/vec4 v0x622e7715f370_0, 0, 1;
    %pushi/vec4 0, 0, 16;
    %store/vec4 v0x622e77113ea0_0, 0, 16;
    %fork TD_raiz_cuadrada_tb.ejecutar_prueba, S_0x622e7712b360;
    %join;
    %pushi/vec4 1, 0, 16;
    %store/vec4 v0x622e77113ea0_0, 0, 16;
    %fork TD_raiz_cuadrada_tb.ejecutar_prueba, S_0x622e7712b360;
    %join;
    %pushi/vec4 10, 0, 16;
    %store/vec4 v0x622e77113ea0_0, 0, 16;
    %fork TD_raiz_cuadrada_tb.ejecutar_prueba, S_0x622e7712b360;
    %join;
    %pushi/vec4 16, 0, 16;
    %store/vec4 v0x622e77113ea0_0, 0, 16;
    %fork TD_raiz_cuadrada_tb.ejecutar_prueba, S_0x622e7712b360;
    %join;
    %pushi/vec4 99, 0, 16;
    %store/vec4 v0x622e77113ea0_0, 0, 16;
    %fork TD_raiz_cuadrada_tb.ejecutar_prueba, S_0x622e7712b360;
    %join;
    %pushi/vec4 255, 0, 16;
    %store/vec4 v0x622e77113ea0_0, 0, 16;
    %fork TD_raiz_cuadrada_tb.ejecutar_prueba, S_0x622e7712b360;
    %join;
    %pushi/vec4 2000, 0, 16;
    %store/vec4 v0x622e77113ea0_0, 0, 16;
    %fork TD_raiz_cuadrada_tb.ejecutar_prueba, S_0x622e7712b360;
    %join;
    %delay 40000, 0;
    %vpi_call/w 3 91 "$display", "--------------------------------------------------" {0 0 0};
    %load/vec4 v0x622e7715f1d0_0;
    %cmpi/e 0, 0, 32;
    %jmp/0xz  T_11.0, 4;
    %vpi_call/w 3 93 "$display", "RESULTADO: TODAS LAS PRUEBAS PASARON (%0d/%0d)", v0x622e7715f290_0, v0x622e7715f290_0 {0 0 0};
    %jmp T_11.1;
T_11.0 ;
    %vpi_call/w 3 95 "$display", "RESULTADO: %0d de %0d PRUEBAS FALLARON", v0x622e7715f1d0_0, v0x622e7715f290_0 {0 0 0};
T_11.1 ;
    %vpi_call/w 3 96 "$display", "--------------------------------------------------" {0 0 0};
    %vpi_call/w 3 98 "$finish" {0 0 0};
    %end;
    .thread T_11;
    .scope S_0x622e77124980;
T_12 ;
    %delay 200000000, 0;
    %vpi_call/w 3 103 "$display", "ERROR: TIMEOUT - la simulacion no termino a tiempo" {0 0 0};
    %vpi_call/w 3 104 "$finish" {0 0 0};
    %end;
    .thread T_12;
# The file index is used to find the file name in the following table.
:file_names 10;
    "N/A";
    "<interactive>";
    "-";
    "raiz_cuadrada_tb.v";
    "raiz_cuadrada.v";
    "comp.v";
    "control_raiz.v";
    "reg_D.v";
    "reg_Q.v";
    "reg_X_acc.v";
